#
# There is insufficient memory for the Java Runtime Environment to continue.
# Native memory allocation (mmap) failed to map 264241152 bytes for G1 virtual space
# Possible reasons:
#   The system is out of physical RAM or swap space
#   The process is running with CompressedOops enabled, and the Java Heap may be blocking the growth of the native heap
# Possible solutions:
#   Reduce memory load on the system
#   Increase physical memory or swap space
#   Check if swap backing store is full
#   Decrease Java heap size (-Xmx/-Xms)
#   Decrease number of Java threads
#   Decrease Java thread stack sizes (-Xss)
#   Set larger code cache with -XX:ReservedCodeCacheSize=
#   JVM is running with Zero Based Compressed Oops mode in which the Java heap is
#     placed in the first 32GB address space. The Java Heap base address is the
#     maximum limit for the native heap growth. Please use -XX:HeapBaseMinAddress
#     to set the Java Heap base and to place the Java Heap above 32GB virtual address.
# This output file may be truncated or incomplete.
#
#  Out of Memory Error (os_windows.cpp:3825), pid=24616, tid=25452
#
# JRE version:  (17.0.9) (build )
# Java VM: OpenJDK 64-Bit Server VM (17.0.9+0--11185874, mixed mode, sharing, tiered, compressed oops, compressed class ptrs, g1 gc, windows-amd64)
# No core dump will be written. Minidumps are not enabled by default on client versions of Windows
#

---------------  S U M M A R Y ------------

Command Line: org.jetbrains.kotlin.cli.jvm.K2JVMCompiler @E:\Api\MyApplication3\app\build\20240521_11617997021812760497.compiler.options

Host: 11th Gen Intel(R) Core(TM) i7-11800H @ 2.30GHz, 16 cores, 15G,  Windows 11 , 64 bit Build 22621 (10.0.22621.3527)
Time: Tue May 21 23:59:48 2024 SE Asia Standard Time elapsed time: 0.007199 seconds (0d 0h 0m 0s)

---------------  T H R E A D  ---------------

Current thread (0x00000186619d9c40):  JavaThread "Unknown thread" [_thread_in_vm, id=25452, stack(0x00000028b0000000,0x00000028b0100000)]

Stack: [0x00000028b0000000,0x00000028b0100000]
Native frames: (J=compiled Java code, j=interpreted, Vv=VM code, C=native code)
V  [jvm.dll+0x6886e9]
V  [jvm.dll+0x841e4a]
V  [jvm.dll+0x843a8e]
V  [jvm.dll+0x8440f3]
V  [jvm.dll+0x24c14f]
V  [jvm.dll+0x685499]
V  [jvm.dll+0x679c2a]
V  [jvm.dll+0x30cf9b]
V  [jvm.dll+0x314446]
V  [jvm.dll+0x36425e]
V  [jvm.dll+0x36448f]
V  [jvm.dll+0x2e2d68]
V  [jvm.dll+0x2e3cd4]
V  [jvm.dll+0x8129f1]
V  [jvm.dll+0x3720c1]
V  [jvm.dll+0x7f152c]
V  [jvm.dll+0x3f5d4f]
V  [jvm.dll+0x3f7981]
C  [jli.dll+0x528f]
C  [ucrtbase.dll+0x29333]
C  [KERNEL32.DLL+0x1257d]
C  [ntdll.dll+0x5aa48]


---------------  P R O C E S S  ---------------

Threads class SMR info:
_java_thread_list=0x00007ffe5699ef18, length=0, elements={
}

Java Threads: ( => current thread )

Other Threads:
  0x0000018661a48cd0 GCTaskThread "GC Thread#0" [stack: 0x00000028b0100000,0x00000028b0200000] [id=5220]
  0x0000018661a597e0 ConcurrentGCThread "G1 Main Marker" [stack: 0x00000028b0200000,0x00000028b0300000] [id=2772]
  0x0000018661a5a200 ConcurrentGCThread "G1 Conc#0" [stack: 0x00000028b0300000,0x00000028b0400000] [id=368]

[error occurred during error reporting (printing all threads), id 0xc0000005, EXCEPTION_ACCESS_VIOLATION (0xc0000005) at pc=0x00007ffe56153937]

VM state: not at safepoint (not fully initialized)

VM Mutex/Monitor currently owned by a thread:  ([mutex/lock_event])
[0x00000186619d69c0] Heap_lock - owner thread: 0x00000186619d9c40

Heap address: 0x0000000704400000, size: 4028 MB, Compressed Oops mode: Zero based, Oop shift amount: 3

CDS archive(s) mapped at: [0x0000000000000000-0x0000000000000000-0x0000000000000000), size 0, SharedBaseAddress: 0x0000000800000000, ArchiveRelocationMode: 1.
Narrow klass base: 0x0000000000000000, Narrow klass shift: 0, Narrow klass range: 0x0

GC Precious Log:
<Empty>

Heap:
 garbage-first heap   total 0K, used 0K [0x0000000704400000, 0x0000000800000000)
  region size 2048K, 0 young (0K), 0 survivors (0K)
 Metaspace       used 0K, committed 0K, reserved 0K
  class space    used 0K, committed 0K, reserved 0K

Heap Regions: E=young(eden), S=young(survivor), O=old, HS=humongous(starts), HC=humongous(continues), CS=collection set, F=free, OA=open archive, CA=closed archive, TAMS=top-at-mark-start (previous, next)

Card table byte_map: [0x0000018674f30000,0x0000018675710000] _byte_map_base: 0x000001867170e000

Marking Bits (Prev, Next): (CMBitMap*) 0x0000018661a492f0, (CMBitMap*) 0x0000018661a49330
 Prev Bits: [0x0000018675ef0000, 0x0000018679de0000)
 Next Bits: [0x0000018679de0000, 0x000001867dcd0000)

GC Heap History (0 events):
No events

Dll operation events (1 events):
Event: 0.004 Loaded shared library C:\Program Files\Android\Android Studio\jbr\bin\java.dll

Deoptimization events (0 events):
No events

Classes unloaded (0 events):
No events

Classes redefined (0 events):
No events

Internal exceptions (0 events):
No events

VM Operations (0 events):
No events

Events (0 events):
No events


Dynamic libraries:
0x00007ff654b00000 - 0x00007ff654b0a000 	C:\Program Files\Android\Android Studio\jbr\bin\java.exe
0x00007ffed27b0000 - 0x00007ffed29c7000 	C:\WINDOWS\SYSTEM32\ntdll.dll
0x00007ffed0760000 - 0x00007ffed0824000 	C:\WINDOWS\System32\KERNEL32.DLL
0x00007ffecfe70000 - 0x00007ffed0217000 	C:\WINDOWS\System32\KERNELBASE.dll
0x00007ffed03c0000 - 0x00007ffed04d1000 	C:\WINDOWS\System32\ucrtbase.dll
0x00007ffe5f4b0000 - 0x00007ffe5f4c7000 	C:\Program Files\Android\Android Studio\jbr\bin\jli.dll
0x00007ffeb7770000 - 0x00007ffeb778b000 	C:\Program Files\Android\Android Studio\jbr\bin\VCRUNTIME140.dll
0x00007ffed1b00000 - 0x00007ffed1cae000 	C:\WINDOWS\System32\USER32.dll
0x00007ffed0390000 - 0x00007ffed03b6000 	C:\WINDOWS\System32\win32u.dll
0x00007ffeb5930000 - 0x00007ffeb5bc3000 	C:\WINDOWS\WinSxS\amd64_microsoft.windows.common-controls_6595b64144ccf1df_6.0.22621.3527_none_270e469b73872a76\COMCTL32.dll
0x00007ffed1660000 - 0x00007ffed1689000 	C:\WINDOWS\System32\GDI32.dll
0x00007ffed1cb0000 - 0x00007ffed1d57000 	C:\WINDOWS\System32\msvcrt.dll
0x00007ffecfb90000 - 0x00007ffecfca9000 	C:\WINDOWS\System32\gdi32full.dll
0x00007ffecfcb0000 - 0x00007ffecfd4a000 	C:\WINDOWS\System32\msvcp_win.dll
0x00007ffed0db0000 - 0x00007ffed0de1000 	C:\WINDOWS\System32\IMM32.DLL
0x00007ffeba040000 - 0x00007ffeba04c000 	C:\Program Files\Android\Android Studio\jbr\bin\vcruntime140_1.dll
0x00007ffea74b0000 - 0x00007ffea753d000 	C:\Program Files\Android\Android Studio\jbr\bin\msvcp140.dll
0x00007ffe55e60000 - 0x00007ffe56ae3000 	C:\Program Files\Android\Android Studio\jbr\bin\server\jvm.dll
0x00007ffed06a0000 - 0x00007ffed0752000 	C:\WINDOWS\System32\ADVAPI32.dll
0x00007ffed18e0000 - 0x00007ffed1988000 	C:\WINDOWS\System32\sechost.dll
0x00007ffecfdd0000 - 0x00007ffecfdf8000 	C:\WINDOWS\System32\bcrypt.dll
0x00007ffed19e0000 - 0x00007ffed1af5000 	C:\WINDOWS\System32\RPCRT4.dll
0x00007ffe55e20000 - 0x00007ffe55e29000 	C:\WINDOWS\SYSTEM32\WSOCK32.dll
0x00007ffece950000 - 0x00007ffece99d000 	C:\WINDOWS\SYSTEM32\POWRPROF.dll
0x00007ffed0cc0000 - 0x00007ffed0d31000 	C:\WINDOWS\System32\WS2_32.dll
0x00007ffec1b70000 - 0x00007ffec1ba4000 	C:\WINDOWS\SYSTEM32\WINMM.dll
0x00007ffec64d0000 - 0x00007ffec64da000 	C:\WINDOWS\SYSTEM32\VERSION.dll
0x00007ffece930000 - 0x00007ffece943000 	C:\WINDOWS\SYSTEM32\UMPDC.dll
0x00007ffecebe0000 - 0x00007ffecebf8000 	C:\WINDOWS\SYSTEM32\kernel.appcore.dll
0x00007ffe55da0000 - 0x00007ffe55daa000 	C:\Program Files\Android\Android Studio\jbr\bin\jimage.dll
0x00007ffecce20000 - 0x00007ffecd052000 	C:\WINDOWS\SYSTEM32\DBGHELP.DLL
0x00007ffed08b0000 - 0x00007ffed0c38000 	C:\WINDOWS\System32\combase.dll
0x00007ffed1690000 - 0x00007ffed1767000 	C:\WINDOWS\System32\OLEAUT32.dll
0x00007ffec5240000 - 0x00007ffec5272000 	C:\WINDOWS\SYSTEM32\dbgcore.DLL
0x00007ffecfd50000 - 0x00007ffecfdc9000 	C:\WINDOWS\System32\bcryptPrimitives.dll
0x00007ffe55d70000 - 0x00007ffe55d95000 	C:\Program Files\Android\Android Studio\jbr\bin\java.dll

dbghelp: loaded successfully - version: 4.0.5 - missing functions: none
symbol engine: initialized successfully - sym options: 0x614 - pdb path: .;C:\Program Files\Android\Android Studio\jbr\bin;C:\WINDOWS\SYSTEM32;C:\WINDOWS\WinSxS\amd64_microsoft.windows.common-controls_6595b64144ccf1df_6.0.22621.3527_none_270e469b73872a76;C:\Program Files\Android\Android Studio\jbr\bin\server

VM Arguments:
java_command: org.jetbrains.kotlin.cli.jvm.K2JVMCompiler @E:\Api\MyApplication3\app\build\20240521_11617997021812760497.compiler.options
java_class_path (initial): C:\Users\nguye\.gradle\caches\modules-2\files-2.1\org.jetbrains.kotlin\kotlin-compiler-embeddable\1.9.0\2c8c3a7402becca891f12739b3e9fd2dc2adbd7a\kotlin-compiler-embeddable-1.9.0.jar;C:\Users\nguye\.gradle\caches\modules-2\files-2.1\org.jetbrains.kotlin\kotlin-stdlib\1.9.0\8ee15ef0c67dc83d874f412d84378d7f0eb50b63\kotlin-stdlib-1.9.0.jar;C:\Users\nguye\.gradle\caches\modules-2\files-2.1\org.jetbrains.kotlin\kotlin-script-runtime\1.9.0\4b3102cbbb7e1b58d9d1adf89563f00069ffa7d1\kotlin-script-runtime-1.9.0.jar;C:\Users\nguye\.gradle\caches\modules-2\files-2.1\org.jetbrains.kotlin\kotlin-reflect\1.6.10\1cbe9c92c12a94eea200d23c2bbaedaf3daf5132\kotlin-reflect-1.6.10.jar;C:\Users\nguye\.gradle\caches\modules-2\files-2.1\org.jetbrains.kotlin\kotlin-daemon-embeddable\1.9.0\186543f5e28cf8d9a0290fecc2cf34301c40a65c\kotlin-daemon-embeddable-1.9.0.jar;C:\Users\nguye\.gradle\caches\modules-2\files-2.1\org.jetbrains.intellij.deps\trove4j\1.0.20200330\3afb14d5f9ceb459d724e907a21145e8ff394f02\trove4j-1.0.20200330.jar;C:\Users\nguye\.gradle\caches\modules-2\files-2.1\org.jetbrains.kotlin\kotlin-stdlib-common\1.9.0\cd65c21cfd1eec4d44ef09f9f52b6d9f8a720636\kotlin-stdlib-common-1.9.0.jar;C:\Users\nguye\.gradle\caches\modules-2\files-2.1\org.jetbrains\annotations\13.0\919f0dfe192fb4e063e7dacadee7f8bb9a2672a9\annotations-13.0.jar
Launcher Type: SUN_STANDARD

[Global flags]
     intx CICompilerCount                          = 12                                        {product} {ergonomic}
     uint ConcGCThreads                            = 3                                         {product} {ergonomic}
     uint G1ConcRefinementThreads                  = 13                                        {product} {ergonomic}
   size_t G1HeapRegionSize                         = 2097152                                   {product} {ergonomic}
    uintx GCDrainStackTargetSize                   = 64                                        {product} {ergonomic}
   size_t InitialHeapSize                          = 264241152                                 {product} {ergonomic}
   size_t MarkStackSize                            = 4194304                                   {product} {ergonomic}
   size_t MaxHeapSize                              = 4223664128                                {product} {ergonomic}
   size_t MinHeapDeltaBytes                        = 2097152                                   {product} {ergonomic}
   size_t MinHeapSize                              = 8388608                                   {product} {ergonomic}
    uintx NonNMethodCodeHeapSize                   = 7602480                                {pd product} {ergonomic}
    uintx NonProfiledCodeHeapSize                  = 122027880                              {pd product} {ergonomic}
    uintx ProfiledCodeHeapSize                     = 122027880                              {pd product} {ergonomic}
    uintx ReservedCodeCacheSize                    = 251658240                              {pd product} {ergonomic}
     bool SegmentedCodeCache                       = true                                      {product} {ergonomic}
   size_t SoftMaxHeapSize                          = 4223664128                             {manageable} {ergonomic}
     bool UseCompressedClassPointers               = true                           {product lp64_product} {ergonomic}
     bool UseCompressedOops                        = true                           {product lp64_product} {ergonomic}
     bool UseG1GC                                  = true                                      {product} {ergonomic}
     bool UseLargePagesIndividualAllocation        = false                                  {pd product} {ergonomic}

Logging:
Log output configuration:
 #0: stdout all=warning uptime,level,tags
 #1: stderr all=off uptime,level,tags

Environment Variables:
JAVA_HOME=C:\Program Files\Java\jdk-19
PATH=C:\Program Files\Common Files\Oracle\Java\javapath;C:\Windows\system32;C:\Windows;C:\Windows\System32\Wbem;C:\Windows\System32\WindowsPowerShell\v1.0\;C:\Windows\System32\OpenSSH\;C:\Program Files (x86)\NVIDIA Corporation\PhysX\Common;C:\Program Files\NVIDIA Corporation\NVIDIA NvDLISR;C:\WINDOWS\system32;C:\WINDOWS;C:\WINDOWS\System32\Wbem;C:\WINDOWS\System32\WindowsPowerShell\v1.0\;C:\WINDOWS\System32\OpenSSH\;C:\Program Files\dotnet\;C:\Program Files\Cloudflare\Cloudflare WARP\;C:\Program Files\Java\jdk-19\bin;C:\Program Files\nodejs\;C:\Program Files\Git\cmd;C:\Users\nguye\AppData\Local\Microsoft\WindowsApps;C:\Users\nguye\AppData\Local\Programs\Microsoft VS Code\bin;C:\Users\nguye\AppData\Roaming\npm
USERNAME=Admin
OS=Windows_NT
PROCESSOR_IDENTIFIER=Intel64 Family 6 Model 141 Stepping 1, GenuineIntel
TMP=C:\Users\nguye\AppData\Local\Temp
TEMP=C:\Users\nguye\AppData\Local\Temp



Periodic native trim disabled

JNI global refs:
JNI global refs: 0, weak refs: 0

JNI global refs memory usage: 0, weak refs: 0

OOME stack traces (most recent first):
Classloader memory used:


---------------  S Y S T E M  ---------------

OS:
 Windows 11 , 64 bit Build 22621 (10.0.22621.3527)
OS uptime: 0 days 14:01 hours

CPU: total 16 (initial active 16) (8 cores per cpu, 2 threads per core) family 6 model 141 stepping 1 microcode 0x4e, cx8, cmov, fxsr, ht, mmx, 3dnowpref, sse, sse2, sse3, ssse3, sse4.1, sse4.2, popcnt, lzcnt, tsc, tscinvbit, avx, avx2, aes, erms, clmul, bmi1, bmi2, adx, avx512f, avx512dq, avx512cd, avx512bw, avx512vl, sha, fma, vzeroupper, avx512_vpopcntdq, avx512_vpclmulqdq, avx512_vaes, avx512_vnni, clflush, clflushopt, clwb, avx512_vbmi2, avx512_vbmi
Processor Information for all 16 processors :
  Max Mhz: 2304, Current Mhz: 2304, Mhz Limit: 2304

Memory: 4k page, system-wide physical 16110M (831M free)
TotalPageFile size 36640M (AvailPageFile size 208M)
current process WorkingSet (physical memory assigned to process): 12M, peak: 12M
current process commit charge ("private bytes"): 71M, peak: 323M

vm_info: OpenJDK 64-Bit Server VM (17.0.9+0--11185874) for windows-amd64 JRE (17.0.9+0--11185874), built on Dec  6 2023 18:57:44 by "androidbuild" with MS VC++ 16.10 / 16.11 (VS2019)

END.
