#
# There is insufficient memory for the Java Runtime Environment to continue.
# Native memory allocation (mmap) failed to map 60817408 bytes for G1 virtual space
# Possible reasons:
#   The system is out of physical RAM or swap space
#   The process is running with CompressedOops enabled, and the Java Heap may be blocking the growth of the native heap
# Possible solutions:
#   Reduce memory load on the system
#   Increase physical memory or swap space
#   Check if swap backing store is full
#   Decrease Java heap size (-Xmx/-Xms)
#   Decrease number of Java threads
#   Decrease Java thread stack sizes (-Xss)
#   Set larger code cache with -XX:ReservedCodeCacheSize=
#   JVM is running with Zero Based Compressed Oops mode in which the Java heap is
#     placed in the first 32GB address space. The Java Heap base address is the
#     maximum limit for the native heap growth. Please use -XX:HeapBaseMinAddress
#     to set the Java Heap base and to place the Java Heap above 32GB virtual address.
# This output file may be truncated or incomplete.
#
#  Out of Memory Error (os_windows.cpp:3825), pid=6844, tid=22836
#
# JRE version: OpenJDK Runtime Environment (17.0.9) (build 17.0.9+0--11185874)
# Java VM: OpenJDK 64-Bit Server VM (17.0.9+0--11185874, mixed mode, tiered, compressed oops, compressed class ptrs, g1 gc, windows-amd64)
# No core dump will be written. Minidumps are not enabled by default on client versions of Windows
#

---------------  S U M M A R Y ------------

Command Line: org.jetbrains.kotlin.cli.jvm.K2JVMCompiler @E:\Api\MyApplication3\app\build\20240522_10473560243968557799.compiler.options

Host: 11th Gen Intel(R) Core(TM) i7-11800H @ 2.30GHz, 16 cores, 15G,  Windows 11 , 64 bit Build 22621 (10.0.22621.3527)
Time: Wed May 22 00:00:45 2024 SE Asia Standard Time elapsed time: 5.910247 seconds (0d 0h 0m 5s)

---------------  T H R E A D  ---------------

Current thread (0x00000209da062000):  VMThread "VM Thread" [stack: 0x000000e546c00000,0x000000e546d00000] [id=22836]

Stack: [0x000000e546c00000,0x000000e546d00000]
Native frames: (J=compiled Java code, j=interpreted, Vv=VM code, C=native code)
V  [jvm.dll+0x6886e9]
V  [jvm.dll+0x841e4a]
V  [jvm.dll+0x843a8e]
V  [jvm.dll+0x8440f3]
V  [jvm.dll+0x24c14f]
V  [jvm.dll+0x685499]
V  [jvm.dll+0x679c2a]
V  [jvm.dll+0x30cf9b]
V  [jvm.dll+0x314446]
V  [jvm.dll+0x36425e]
V  [jvm.dll+0x36448f]
V  [jvm.dll+0x2e2d68]
V  [jvm.dll+0x2e0f44]
V  [jvm.dll+0x2e054c]
V  [jvm.dll+0x3253fb]
V  [jvm.dll+0x8487eb]
V  [jvm.dll+0x849531]
V  [jvm.dll+0x849a4d]
V  [jvm.dll+0x849e24]
V  [jvm.dll+0x849ef0]
V  [jvm.dll+0x7f06aa]
V  [jvm.dll+0x687565]
C  [ucrtbase.dll+0x29333]
C  [KERNEL32.DLL+0x1257d]
C  [ntdll.dll+0x5aa48]

VM_Operation (0x000000e5466f7cd0): G1CollectForAllocation, mode: safepoint, requested by thread 0x00000209b696a760


---------------  P R O C E S S  ---------------

Threads class SMR info:
_java_thread_list=0x00000209daac91a0, length=17, elements={
0x00000209b696a760, 0x00000209da08b280, 0x00000209da08be40, 0x00000209da0b8c80,
0x00000209da0b9840, 0x00000209da0be320, 0x00000209da0bece0, 0x00000209da0bfde0,
0x00000209da0c07e0, 0x00000209da0dd910, 0x00000209da242020, 0x00000209da246550,
0x00000209da24aea0, 0x00000209da24f640, 0x00000209da252760, 0x00000209da6b7b70,
0x00000209db0ff8a0
}

Java Threads: ( => current thread )
  0x00000209b696a760 JavaThread "main" [_thread_blocked, id=22804, stack(0x000000e546600000,0x000000e546700000)]
  0x00000209da08b280 JavaThread "Reference Handler" daemon [_thread_blocked, id=23648, stack(0x000000e546d00000,0x000000e546e00000)]
  0x00000209da08be40 JavaThread "Finalizer" daemon [_thread_blocked, id=9344, stack(0x000000e546e00000,0x000000e546f00000)]
  0x00000209da0b8c80 JavaThread "Signal Dispatcher" daemon [_thread_blocked, id=15372, stack(0x000000e546f00000,0x000000e547000000)]
  0x00000209da0b9840 JavaThread "Attach Listener" daemon [_thread_blocked, id=16852, stack(0x000000e547000000,0x000000e547100000)]
  0x00000209da0be320 JavaThread "Service Thread" daemon [_thread_blocked, id=24696, stack(0x000000e547100000,0x000000e547200000)]
  0x00000209da0bece0 JavaThread "Monitor Deflation Thread" daemon [_thread_blocked, id=18296, stack(0x000000e547200000,0x000000e547300000)]
  0x00000209da0bfde0 JavaThread "C2 CompilerThread0" daemon [_thread_blocked, id=14428, stack(0x000000e547300000,0x000000e547400000)]
  0x00000209da0c07e0 JavaThread "C1 CompilerThread0" daemon [_thread_blocked, id=1980, stack(0x000000e547400000,0x000000e547500000)]
  0x00000209da0dd910 JavaThread "Sweeper thread" daemon [_thread_blocked, id=3640, stack(0x000000e547500000,0x000000e547600000)]
  0x00000209da242020 JavaThread "C1 CompilerThread1" daemon [_thread_blocked, id=4576, stack(0x000000e547600000,0x000000e547700000)]
  0x00000209da246550 JavaThread "C1 CompilerThread2" daemon [_thread_blocked, id=22752, stack(0x000000e547700000,0x000000e547800000)]
  0x00000209da24aea0 JavaThread "Notification Thread" daemon [_thread_blocked, id=15608, stack(0x000000e547800000,0x000000e547900000)]
  0x00000209da24f640 JavaThread "Common-Cleaner" daemon [_thread_blocked, id=14876, stack(0x000000e547a00000,0x000000e547b00000)]
  0x00000209da252760 JavaThread "C2 CompilerThread1" daemon [_thread_in_native, id=16216, stack(0x000000e547b00000,0x000000e547c00000)]
  0x00000209da6b7b70 JavaThread "C1 CompilerThread3" daemon [_thread_blocked, id=10120, stack(0x000000e547c00000,0x000000e547d00000)]
  0x00000209db0ff8a0 JavaThread "C2 CompilerThread2" daemon [_thread_in_native, id=17256, stack(0x000000e548200000,0x000000e548300000)]

Other Threads:
=>0x00000209da062000 VMThread "VM Thread" [stack: 0x000000e546c00000,0x000000e546d00000] [id=22836]
  0x00000209da24d390 WatcherThread [stack: 0x000000e547900000,0x000000e547a00000] [id=22372]
  0x00000209b69d8b50 GCTaskThread "GC Thread#0" [stack: 0x000000e546700000,0x000000e546800000] [id=25512]
  0x00000209da7c1220 GCTaskThread "GC Thread#1" [stack: 0x000000e547d00000,0x000000e547e00000] [id=2120]
  0x00000209da7c14e0 GCTaskThread "GC Thread#2" [stack: 0x000000e547e00000,0x000000e547f00000] [id=10352]
  0x00000209da7c17a0 GCTaskThread "GC Thread#3" [stack: 0x000000e547f00000,0x000000e548000000] [id=16156]
  0x00000209da7e4030 GCTaskThread "GC Thread#4" [stack: 0x000000e548000000,0x000000e548100000] [id=23368]
  0x00000209da7e42f0 GCTaskThread "GC Thread#5" [stack: 0x000000e548100000,0x000000e548200000] [id=25348]
  0x00000209db2acb90 GCTaskThread "GC Thread#6" [stack: 0x000000e548300000,0x000000e548400000] [id=8004]
  0x00000209db1cb460 GCTaskThread "GC Thread#7" [stack: 0x000000e548400000,0x000000e548500000] [id=8944]
  0x00000209db237570 GCTaskThread "GC Thread#8" [stack: 0x000000e548500000,0x000000e548600000] [id=23852]
  0x00000209db5d8310 GCTaskThread "GC Thread#9" [stack: 0x000000e548800000,0x000000e548900000] [id=13608]
  0x00000209db5d9bd0 GCTaskThread "GC Thread#10" [stack: 0x000000e548900000,0x000000e548a00000] [id=18552]
  0x00000209db5d8050 GCTaskThread "GC Thread#11" [stack: 0x000000e548a00000,0x000000e548b00000] [id=8584]
  0x00000209db5d85d0 GCTaskThread "GC Thread#12" [stack: 0x000000e548b00000,0x000000e548c00000] [id=24060]
  0x00000209b69e9660 ConcurrentGCThread "G1 Main Marker" [stack: 0x000000e546800000,0x000000e546900000] [id=20276]
  0x00000209b69ea080 ConcurrentGCThread "G1 Conc#0" [stack: 0x000000e546900000,0x000000e546a00000] [id=3300]
  0x00000209db2ab780 ConcurrentGCThread "G1 Conc#1" [stack: 0x000000e548600000,0x000000e548700000] [id=9948]
  0x00000209db2aba40 ConcurrentGCThread "G1 Conc#2" [stack: 0x000000e548700000,0x000000e548800000] [id=23324]
  0x00000209d59b5a90 ConcurrentGCThread "G1 Refine#0" [stack: 0x000000e546a00000,0x000000e546b00000] [id=25140]
  0x00000209d59b74d0 ConcurrentGCThread "G1 Service" [stack: 0x000000e546b00000,0x000000e546c00000] [id=16284]

Threads with active compile tasks:
C2 CompilerThread0     5920 14778       4       org.jetbrains.kotlin.backend.jvm.mapping.IrTypeCheckerContextForTypeMapping::getPrimitiveType (18 bytes)
C1 CompilerThread0     5920 15383       3       org.jetbrains.kotlin.codegen.optimization.fixStack.FixStackAnalyzer$InternalAnalyzer$FixStackFrame::init (43 bytes)
C1 CompilerThread1     5920 15386       3       org.jetbrains.kotlin.codegen.optimization.fixStack.FixStackAnalyzer$InternalAnalyzer::newFrame (14 bytes)
C1 CompilerThread2     5920 15382       3       org.jetbrains.org.objectweb.asm.tree.analysis.Frame::execute (2125 bytes)
C2 CompilerThread1     5920 14763       4       org.jetbrains.kotlin.types.AbstractTypeMapper::mapType (568 bytes)
C1 CompilerThread3     5920 15385       3       org.jetbrains.kotlin.codegen.optimization.fixStack.FixStackAnalyzer$InternalAnalyzer::visitControlFlowEdge (49 bytes)
C2 CompilerThread2     5920 15033       4       org.jetbrains.kotlin.load.kotlin.TypeSignatureMappingKt::mapBuiltInType (339 bytes)

VM state: at safepoint (normal execution)

VM Mutex/Monitor currently owned by a thread:  ([mutex/lock_event])
[0x00000209b69669a0] Threads_lock - owner thread: 0x00000209da062000
[0x00000209b6967a80] Heap_lock - owner thread: 0x00000209b696a760

Heap address: 0x0000000704400000, size: 4028 MB, Compressed Oops mode: Zero based, Oop shift amount: 3

CDS archive(s) not mapped
Compressed class space mapped at: 0x0000000800000000-0x0000000840000000, reserved size: 1073741824
Narrow klass base: 0x0000000800000000, Narrow klass shift: 0, Narrow klass range: 0x40000000

GC Precious Log:
 CPUs: 16 total, 16 available
 Memory: 16110M
 Large Page Support: Disabled
 NUMA Support: Disabled
 Compressed Oops: Enabled (Zero based)
 Heap Region Size: 2M
 Heap Min Capacity: 8M
 Heap Initial Capacity: 252M
 Heap Max Capacity: 4028M
 Pre-touch: Disabled
 Parallel Workers: 13
 Concurrent Workers: 3
 Concurrent Refinement Workers: 13
 Periodic GC: Disabled

Heap:
 garbage-first heap   total 147456K, used 74981K [0x0000000704400000, 0x0000000800000000)
  region size 2048K, 2 young (4096K), 2 survivors (4096K)
 Metaspace       used 85478K, committed 85824K, reserved 1179648K
  class space    used 9249K, committed 9408K, reserved 1048576K

Heap Regions: E=young(eden), S=young(survivor), O=old, HS=humongous(starts), HC=humongous(continues), CS=collection set, F=free, OA=open archive, CA=closed archive, TAMS=top-at-mark-start (previous, next)
|   0|0x0000000704400000, 0x0000000704600000, 0x0000000704600000|100%|HS|  |TAMS 0x0000000704600000, 0x0000000704600000| Complete 
|   1|0x0000000704600000, 0x0000000704800000, 0x0000000704800000|100%|HC|  |TAMS 0x0000000704800000, 0x0000000704800000| Complete 
|   2|0x0000000704800000, 0x0000000704a00000, 0x0000000704a00000|100%| O|  |TAMS 0x0000000704800000, 0x0000000704a00000| Untracked 
|   3|0x0000000704a00000, 0x0000000704c00000, 0x0000000704c00000|100%| O|  |TAMS 0x0000000704c00000, 0x0000000704c00000| Untracked 
|   4|0x0000000704c00000, 0x0000000704e00000, 0x0000000704e00000|100%| O|  |TAMS 0x0000000704e00000, 0x0000000704e00000| Untracked 
|   5|0x0000000704e00000, 0x0000000705000000, 0x0000000705000000|100%| O|  |TAMS 0x0000000705000000, 0x0000000705000000| Untracked 
|   6|0x0000000705000000, 0x0000000705200000, 0x0000000705200000|100%| O|  |TAMS 0x0000000705200000, 0x0000000705200000| Untracked 
|   7|0x0000000705200000, 0x0000000705400000, 0x0000000705400000|100%| O|  |TAMS 0x0000000705400000, 0x0000000705400000| Untracked 
|   8|0x0000000705400000, 0x0000000705600000, 0x0000000705600000|100%| O|  |TAMS 0x0000000705600000, 0x0000000705600000| Untracked 
|   9|0x0000000705600000, 0x0000000705800000, 0x0000000705800000|100%|HS|  |TAMS 0x0000000705800000, 0x0000000705800000| Complete 
|  10|0x0000000705800000, 0x0000000705a00000, 0x0000000705a00000|100%| O|  |TAMS 0x0000000705a00000, 0x0000000705a00000| Untracked 
|  11|0x0000000705a00000, 0x0000000705c00000, 0x0000000705c00000|100%| O|  |TAMS 0x0000000705c00000, 0x0000000705c00000| Untracked 
|  12|0x0000000705c00000, 0x0000000705e00000, 0x0000000705e00000|100%| O|  |TAMS 0x0000000705e00000, 0x0000000705e00000| Untracked 
|  13|0x0000000705e00000, 0x0000000706000000, 0x0000000706000000|100%| O|  |TAMS 0x0000000706000000, 0x0000000706000000| Untracked 
|  14|0x0000000706000000, 0x0000000706200000, 0x0000000706200000|100%| O|  |TAMS 0x0000000706200000, 0x0000000706200000| Untracked 
|  15|0x0000000706200000, 0x0000000706400000, 0x0000000706400000|100%| O|  |TAMS 0x0000000706400000, 0x0000000706400000| Untracked 
|  16|0x0000000706400000, 0x0000000706600000, 0x0000000706600000|100%| O|  |TAMS 0x0000000706600000, 0x0000000706600000| Untracked 
|  17|0x0000000706600000, 0x0000000706800000, 0x0000000706800000|100%| O|  |TAMS 0x0000000706800000, 0x0000000706800000| Untracked 
|  18|0x0000000706800000, 0x0000000706a00000, 0x0000000706a00000|100%| O|  |TAMS 0x0000000706a00000, 0x0000000706a00000| Untracked 
|  19|0x0000000706a00000, 0x0000000706c00000, 0x0000000706c00000|100%| O|  |TAMS 0x0000000706c00000, 0x0000000706c00000| Untracked 
|  20|0x0000000706c00000, 0x0000000706e00000, 0x0000000706e00000|100%| O|  |TAMS 0x0000000706ccee00, 0x0000000706e00000| Untracked 
|  21|0x0000000706e00000, 0x0000000707000000, 0x0000000707000000|100%| O|  |TAMS 0x0000000706e00000, 0x0000000707000000| Untracked 
|  22|0x0000000707000000, 0x0000000707200000, 0x0000000707200000|100%| O|  |TAMS 0x0000000707000000, 0x0000000707200000| Untracked 
|  23|0x0000000707200000, 0x0000000707400000, 0x0000000707400000|100%| O|  |TAMS 0x0000000707200000, 0x0000000707400000| Untracked 
|  24|0x0000000707400000, 0x0000000707600000, 0x0000000707600000|100%| O|  |TAMS 0x0000000707400000, 0x0000000707600000| Untracked 
|  25|0x0000000707600000, 0x0000000707800000, 0x0000000707800000|100%| O|  |TAMS 0x0000000707600000, 0x0000000707800000| Untracked 
|  26|0x0000000707800000, 0x0000000707a00000, 0x0000000707a00000|100%| O|  |TAMS 0x0000000707800000, 0x0000000707a00000| Untracked 
|  27|0x0000000707a00000, 0x0000000707c00000, 0x0000000707c00000|100%| O|  |TAMS 0x0000000707a00000, 0x0000000707c00000| Untracked 
|  28|0x0000000707c00000, 0x0000000707e00000, 0x0000000707e00000|100%| O|  |TAMS 0x0000000707c00000, 0x0000000707e00000| Untracked 
|  29|0x0000000707e00000, 0x0000000708000000, 0x0000000708000000|100%| O|  |TAMS 0x0000000707e00000, 0x0000000708000000| Untracked 
|  30|0x0000000708000000, 0x0000000708200000, 0x0000000708200000|100%| O|  |TAMS 0x0000000708000000, 0x0000000708200000| Untracked 
|  31|0x0000000708200000, 0x0000000708400000, 0x0000000708400000|100%| O|  |TAMS 0x0000000708200000, 0x0000000708400000| Untracked 
|  32|0x0000000708400000, 0x0000000708600000, 0x0000000708600000|100%| O|  |TAMS 0x0000000708400000, 0x0000000708600000| Untracked 
|  33|0x0000000708600000, 0x0000000708800000, 0x0000000708800000|100%| O|  |TAMS 0x0000000708600000, 0x00000007086dec00| Untracked 
|  34|0x0000000708800000, 0x0000000708a00000, 0x0000000708a00000|100%| O|  |TAMS 0x0000000708800000, 0x0000000708800000| Untracked 
|  35|0x0000000708a00000, 0x0000000708ab0800, 0x0000000708c00000| 34%| O|  |TAMS 0x0000000708a00000, 0x0000000708a00000| Untracked 
|  36|0x0000000708c00000, 0x0000000708c00000, 0x0000000708e00000|  0%| F|  |TAMS 0x0000000708c00000, 0x0000000708c00000| Untracked 
|  37|0x0000000708e00000, 0x0000000708e00000, 0x0000000709000000|  0%| F|  |TAMS 0x0000000708e00000, 0x0000000708e00000| Untracked 
|  38|0x0000000709000000, 0x0000000709000000, 0x0000000709200000|  0%| F|  |TAMS 0x0000000709000000, 0x0000000709000000| Untracked 
|  39|0x0000000709200000, 0x0000000709200000, 0x0000000709400000|  0%| F|  |TAMS 0x0000000709200000, 0x0000000709200000| Untracked 
|  40|0x0000000709400000, 0x0000000709400000, 0x0000000709600000|  0%| F|  |TAMS 0x0000000709400000, 0x0000000709400000| Untracked 
|  41|0x0000000709600000, 0x0000000709600000, 0x0000000709800000|  0%| F|  |TAMS 0x0000000709600000, 0x0000000709600000| Untracked 
|  42|0x0000000709800000, 0x0000000709800000, 0x0000000709a00000|  0%| F|  |TAMS 0x0000000709800000, 0x0000000709800000| Untracked 
|  43|0x0000000709a00000, 0x0000000709a00000, 0x0000000709c00000|  0%| F|  |TAMS 0x0000000709a00000, 0x0000000709a00000| Untracked 
|  44|0x0000000709c00000, 0x0000000709c00000, 0x0000000709e00000|  0%| F|  |TAMS 0x0000000709c00000, 0x0000000709c00000| Untracked 
|  45|0x0000000709e00000, 0x0000000709e00000, 0x000000070a000000|  0%| F|  |TAMS 0x0000000709e00000, 0x0000000709e00000| Untracked 
|  46|0x000000070a000000, 0x000000070a000000, 0x000000070a200000|  0%| F|  |TAMS 0x000000070a000000, 0x000000070a000000| Untracked 
|  47|0x000000070a200000, 0x000000070a200000, 0x000000070a400000|  0%| F|  |TAMS 0x000000070a200000, 0x000000070a200000| Untracked 
|  48|0x000000070a400000, 0x000000070a400000, 0x000000070a600000|  0%| F|  |TAMS 0x000000070a400000, 0x000000070a400000| Untracked 
|  49|0x000000070a600000, 0x000000070a600000, 0x000000070a800000|  0%| F|  |TAMS 0x000000070a600000, 0x000000070a600000| Untracked 
|  50|0x000000070a800000, 0x000000070a888e20, 0x000000070aa00000| 26%| S|CS|TAMS 0x000000070a800000, 0x000000070a800000| Complete 
|  51|0x000000070aa00000, 0x000000070ac00000, 0x000000070ac00000|100%| S|CS|TAMS 0x000000070aa00000, 0x000000070aa00000| Complete 
|  52|0x000000070ac00000, 0x000000070ac00000, 0x000000070ae00000|  0%| F|  |TAMS 0x000000070ac00000, 0x000000070ac00000| Untracked 
|  53|0x000000070ae00000, 0x000000070ae00000, 0x000000070b000000|  0%| F|  |TAMS 0x000000070ae00000, 0x000000070ae00000| Untracked 
|  54|0x000000070b000000, 0x000000070b000000, 0x000000070b200000|  0%| F|  |TAMS 0x000000070b000000, 0x000000070b000000| Untracked 
|  55|0x000000070b200000, 0x000000070b200000, 0x000000070b400000|  0%| F|  |TAMS 0x000000070b200000, 0x000000070b200000| Untracked 
|  56|0x000000070b400000, 0x000000070b400000, 0x000000070b600000|  0%| F|  |TAMS 0x000000070b400000, 0x000000070b400000| Untracked 
|  57|0x000000070b600000, 0x000000070b600000, 0x000000070b800000|  0%| F|  |TAMS 0x000000070b600000, 0x000000070b600000| Untracked 
|  58|0x000000070b800000, 0x000000070b800000, 0x000000070ba00000|  0%| F|  |TAMS 0x000000070b800000, 0x000000070b800000| Untracked 
|  59|0x000000070ba00000, 0x000000070ba00000, 0x000000070bc00000|  0%| F|  |TAMS 0x000000070ba00000, 0x000000070ba00000| Untracked 
|  60|0x000000070bc00000, 0x000000070bc00000, 0x000000070be00000|  0%| F|  |TAMS 0x000000070bc00000, 0x000000070bc00000| Untracked 
|  61|0x000000070be00000, 0x000000070be00000, 0x000000070c000000|  0%| F|  |TAMS 0x000000070be00000, 0x000000070be00000| Untracked 
|  62|0x000000070c000000, 0x000000070c000000, 0x000000070c200000|  0%| F|  |TAMS 0x000000070c000000, 0x000000070c000000| Untracked 
|  63|0x000000070c200000, 0x000000070c200000, 0x000000070c400000|  0%| F|  |TAMS 0x000000070c200000, 0x000000070c200000| Untracked 
|  64|0x000000070c400000, 0x000000070c400000, 0x000000070c600000|  0%| F|  |TAMS 0x000000070c400000, 0x000000070c400000| Untracked 
|  65|0x000000070c600000, 0x000000070c600000, 0x000000070c800000|  0%| F|  |TAMS 0x000000070c600000, 0x000000070c600000| Untracked 
|  66|0x000000070c800000, 0x000000070c800000, 0x000000070ca00000|  0%| F|  |TAMS 0x000000070c800000, 0x000000070c800000| Untracked 
|  67|0x000000070ca00000, 0x000000070ca00000, 0x000000070cc00000|  0%| F|  |TAMS 0x000000070ca00000, 0x000000070ca00000| Untracked 
|  68|0x000000070cc00000, 0x000000070cc00000, 0x000000070ce00000|  0%| F|  |TAMS 0x000000070cc00000, 0x000000070cc00000| Untracked 
|  69|0x000000070ce00000, 0x000000070ce00000, 0x000000070d000000|  0%| F|  |TAMS 0x000000070ce00000, 0x000000070ce00000| Untracked 
| 103|0x0000000711200000, 0x0000000711200000, 0x0000000711400000|  0%| F|  |TAMS 0x0000000711200000, 0x0000000711200000| Untracked 
| 125|0x0000000713e00000, 0x0000000713e00000, 0x0000000714000000|  0%| F|  |TAMS 0x0000000713e00000, 0x0000000713e00000| Untracked 

Card table byte_map: [0x00000209c9ea0000,0x00000209ca680000] _byte_map_base: 0x00000209c667e000

Marking Bits (Prev, Next): (CMBitMap*) 0x00000209b69d91b0, (CMBitMap*) 0x00000209b69d9170
 Prev Bits: [0x00000209ced50000, 0x00000209d2c40000)
 Next Bits: [0x00000209cae60000, 0x00000209ced50000)

Polling page: 0x00000209b48c0000

Metaspace:

Usage:
  Non-class:     74.44 MB used.
      Class:      9.03 MB used.
       Both:     83.48 MB used.

Virtual space:
  Non-class space:      128.00 MB reserved,      74.62 MB ( 58%) committed,  2 nodes.
      Class space:        1.00 GB reserved,       9.19 MB ( <1%) committed,  1 nodes.
             Both:        1.12 GB reserved,      83.81 MB (  7%) committed. 

Chunk freelists:
   Non-Class:  5.42 MB
       Class:  6.62 MB
        Both:  12.05 MB

MaxMetaspaceSize: unlimited
CompressedClassSpaceSize: 1.00 GB
Initial GC threshold: 21.00 MB
Current GC threshold: 92.31 MB
CDS: off
MetaspaceReclaimPolicy: balanced
 - commit_granule_bytes: 65536.
 - commit_granule_words: 8192.
 - virtual_space_node_default_size: 8388608.
 - enlarge_chunks_in_place: 1.
 - new_chunks_are_fully_committed: 0.
 - uncommit_free_chunks: 1.
 - use_allocation_guard: 0.
 - handle_deallocations: 1.


Internal statistics:

num_allocs_failed_limit: 6.
num_arena_births: 434.
num_arena_deaths: 0.
num_vsnodes_births: 3.
num_vsnodes_deaths: 0.
num_space_committed: 1339.
num_space_uncommitted: 0.
num_chunks_returned_to_freelist: 6.
num_chunks_taken_from_freelist: 3183.
num_chunk_merges: 3.
num_chunk_splits: 2607.
num_chunks_enlarged: 2285.
num_inconsistent_stats: 0.

CodeHeap 'non-profiled nmethods': size=119168Kb used=6449Kb max_used=6449Kb free=112718Kb
 bounds [0x00000209c19e0000, 0x00000209c2030000, 0x00000209c8e40000]
CodeHeap 'profiled nmethods': size=119104Kb used=43323Kb max_used=43323Kb free=75780Kb
 bounds [0x00000209b9e40000, 0x00000209bc8a0000, 0x00000209c1290000]
CodeHeap 'non-nmethods': size=7488Kb used=3116Kb max_used=3159Kb free=4371Kb
 bounds [0x00000209c1290000, 0x00000209c15c0000, 0x00000209c19e0000]
 total_blobs=14212 nmethods=13464 adapters=653
 compilation: enabled
              stopped_count=0, restarted_count=0
 full_count=0

Compilation events (20 events):
Event: 5.895 Thread 0x00000209da6b7b70 15376       3       org.jetbrains.org.objectweb.asm.ByteVector::<init> (13 bytes)
Event: 5.895 Thread 0x00000209da0c07e0 nmethod 15374 0x00000209bc88bf90 code [0x00000209bc88c160, 0x00000209bc88c4c8]
Event: 5.895 Thread 0x00000209da6b7b70 nmethod 15376 0x00000209bc88c610 code [0x00000209bc88c7c0, 0x00000209bc88ca38]
Event: 5.895 Thread 0x00000209da6b7b70 15377       3       org.jetbrains.kotlin.codegen.inline.SourcePosition::<init> (32 bytes)
Event: 5.895 Thread 0x00000209da242020 nmethod 15375 0x00000209bc88cb10 code [0x00000209bc88cdc0, 0x00000209bc88db78]
Event: 5.895 Thread 0x00000209da6b7b70 nmethod 15377 0x00000209bc88e010 code [0x00000209bc88e2a0, 0x00000209bc88ee38]
Event: 5.900 Thread 0x00000209da6b7b70 15378       3       org.jetbrains.kotlin.codegen.optimization.fixStack.FastStackAnalyzer::processControlFlowEdge (16 bytes)
Event: 5.900 Thread 0x00000209da6b7b70 nmethod 15378 0x00000209bc88f210 code [0x00000209bc88f3c0, 0x00000209bc88f618]
Event: 5.900 Thread 0x00000209da6b7b70 15379       3       org.jetbrains.kotlin.codegen.optimization.fixStack.FastStackAnalyzer::mergeControlFlowEdge (99 bytes)
Event: 5.900 Thread 0x00000209da242020 15380       1       org.jetbrains.kotlin.codegen.optimization.fixStack.FixStackAnalyzer::access$getSkipBreakContinueGotoEdges$p (5 bytes)
Event: 5.900 Thread 0x00000209da0c07e0 15381       1       org.jetbrains.kotlin.codegen.optimization.fixStack.FastStackAnalyzer::getInsnsArray (5 bytes)
Event: 5.900 Thread 0x00000209da246550 15382       3       org.jetbrains.org.objectweb.asm.tree.analysis.Frame::execute (2125 bytes)
Event: 5.900 Thread 0x00000209da242020 nmethod 15380 0x00000209c202c090 code [0x00000209c202c220, 0x00000209c202c2d8]
Event: 5.900 Thread 0x00000209da0c07e0 nmethod 15381 0x00000209c202c390 code [0x00000209c202c520, 0x00000209c202c5f8]
Event: 5.900 Thread 0x00000209da242020 15384       3       org.jetbrains.kotlin.codegen.optimization.fixStack.FastStackAnalyzer::visitOpInsn (10 bytes)
Event: 5.900 Thread 0x00000209da0c07e0 15383       3       org.jetbrains.kotlin.codegen.optimization.fixStack.FixStackAnalyzer$InternalAnalyzer$FixStackFrame::init (43 bytes)
Event: 5.900 Thread 0x00000209da6b7b70 nmethod 15379 0x00000209bc88f710 code [0x00000209bc88f900, 0x00000209bc890038]
Event: 5.900 Thread 0x00000209da6b7b70 15385       3       org.jetbrains.kotlin.codegen.optimization.fixStack.FixStackAnalyzer$InternalAnalyzer::visitControlFlowEdge (49 bytes)
Event: 5.901 Thread 0x00000209da242020 nmethod 15384 0x00000209bc890310 code [0x00000209bc8904c0, 0x00000209bc890778]
Event: 5.901 Thread 0x00000209da242020 15386       3       org.jetbrains.kotlin.codegen.optimization.fixStack.FixStackAnalyzer$InternalAnalyzer::newFrame (14 bytes)

GC Heap History (20 events):
Event: 2.237 GC heap after
{Heap after GC invocations=13 (full 0):
 garbage-first heap   total 92160K, used 37894K [0x0000000704400000, 0x0000000800000000)
  region size 2048K, 2 young (4096K), 2 survivors (4096K)
 Metaspace       used 53362K, committed 53568K, reserved 1114112K
  class space    used 6288K, committed 6400K, reserved 1048576K
}
Event: 2.381 GC heap before
{Heap before GC invocations=13 (full 0):
 garbage-first heap   total 92160K, used 66566K [0x0000000704400000, 0x0000000800000000)
  region size 2048K, 16 young (32768K), 2 survivors (4096K)
 Metaspace       used 53633K, committed 53824K, reserved 1114112K
  class space    used 6301K, committed 6400K, reserved 1048576K
}
Event: 2.392 GC heap after
{Heap after GC invocations=14 (full 0):
 garbage-first heap   total 92160K, used 40782K [0x0000000704400000, 0x0000000800000000)
  region size 2048K, 2 young (4096K), 2 survivors (4096K)
 Metaspace       used 53633K, committed 53824K, reserved 1114112K
  class space    used 6301K, committed 6400K, reserved 1048576K
}
Event: 2.488 GC heap before
{Heap before GC invocations=14 (full 0):
 garbage-first heap   total 92160K, used 67406K [0x0000000704400000, 0x0000000800000000)
  region size 2048K, 15 young (30720K), 2 survivors (4096K)
 Metaspace       used 54320K, committed 54528K, reserved 1114112K
  class space    used 6378K, committed 6464K, reserved 1048576K
}
Event: 2.495 GC heap after
{Heap after GC invocations=15 (full 0):
 garbage-first heap   total 92160K, used 42604K [0x0000000704400000, 0x0000000800000000)
  region size 2048K, 1 young (2048K), 1 survivors (2048K)
 Metaspace       used 54320K, committed 54528K, reserved 1114112K
  class space    used 6378K, committed 6464K, reserved 1048576K
}
Event: 2.745 GC heap before
{Heap before GC invocations=15 (full 0):
 garbage-first heap   total 92160K, used 69228K [0x0000000704400000, 0x0000000800000000)
  region size 2048K, 14 young (28672K), 1 survivors (2048K)
 Metaspace       used 56324K, committed 56576K, reserved 1114112K
  class space    used 6610K, committed 6720K, reserved 1048576K
}
Event: 2.752 GC heap after
{Heap after GC invocations=16 (full 0):
 garbage-first heap   total 92160K, used 46086K [0x0000000704400000, 0x0000000800000000)
  region size 2048K, 2 young (4096K), 2 survivors (4096K)
 Metaspace       used 56324K, committed 56576K, reserved 1114112K
  class space    used 6610K, committed 6720K, reserved 1048576K
}
Event: 3.186 GC heap before
{Heap before GC invocations=17 (full 0):
 garbage-first heap   total 92160K, used 70662K [0x0000000704400000, 0x0000000800000000)
  region size 2048K, 14 young (28672K), 2 survivors (4096K)
 Metaspace       used 58274K, committed 58560K, reserved 1114112K
  class space    used 6736K, committed 6848K, reserved 1048576K
}
Event: 3.194 GC heap after
{Heap after GC invocations=18 (full 0):
 garbage-first heap   total 92160K, used 49715K [0x0000000704400000, 0x0000000800000000)
  region size 2048K, 2 young (4096K), 2 survivors (4096K)
 Metaspace       used 58274K, committed 58560K, reserved 1114112K
  class space    used 6736K, committed 6848K, reserved 1048576K
}
Event: 3.252 GC heap before
{Heap before GC invocations=18 (full 0):
 garbage-first heap   total 92160K, used 51763K [0x0000000704400000, 0x0000000800000000)
  region size 2048K, 3 young (6144K), 2 survivors (4096K)
 Metaspace       used 58378K, committed 58624K, reserved 1114112K
  class space    used 6740K, committed 6848K, reserved 1048576K
}
Event: 3.258 GC heap after
{Heap after GC invocations=19 (full 0):
 garbage-first heap   total 147456K, used 49878K [0x0000000704400000, 0x0000000800000000)
  region size 2048K, 1 young (2048K), 1 survivors (2048K)
 Metaspace       used 58378K, committed 58624K, reserved 1114112K
  class space    used 6740K, committed 6848K, reserved 1048576K
}
Event: 3.995 GC heap before
{Heap before GC invocations=19 (full 0):
 garbage-first heap   total 147456K, used 107222K [0x0000000704400000, 0x0000000800000000)
  region size 2048K, 29 young (59392K), 1 survivors (2048K)
 Metaspace       used 64851K, committed 65152K, reserved 1114112K
  class space    used 7300K, committed 7488K, reserved 1048576K
}
Event: 4.003 GC heap after
{Heap after GC invocations=20 (full 0):
 garbage-first heap   total 147456K, used 55164K [0x0000000704400000, 0x0000000800000000)
  region size 2048K, 3 young (6144K), 3 survivors (6144K)
 Metaspace       used 64851K, committed 65152K, reserved 1114112K
  class space    used 7300K, committed 7488K, reserved 1048576K
}
Event: 4.578 GC heap before
{Heap before GC invocations=20 (full 0):
 garbage-first heap   total 147456K, used 108412K [0x0000000704400000, 0x0000000800000000)
  region size 2048K, 29 young (59392K), 3 survivors (6144K)
 Metaspace       used 70097K, committed 70400K, reserved 1114112K
  class space    used 7839K, committed 8000K, reserved 1048576K
}
Event: 4.590 GC heap after
{Heap after GC invocations=21 (full 0):
 garbage-first heap   total 147456K, used 63441K [0x0000000704400000, 0x0000000800000000)
  region size 2048K, 4 young (8192K), 4 survivors (8192K)
 Metaspace       used 70097K, committed 70400K, reserved 1114112K
  class space    used 7839K, committed 8000K, reserved 1048576K
}
Event: 5.061 GC heap before
{Heap before GC invocations=21 (full 0):
 garbage-first heap   total 147456K, used 108497K [0x0000000704400000, 0x0000000800000000)
  region size 2048K, 27 young (55296K), 4 survivors (8192K)
 Metaspace       used 75868K, committed 76224K, reserved 1179648K
  class space    used 8445K, committed 8640K, reserved 1048576K
}
Event: 5.072 GC heap after
{Heap after GC invocations=22 (full 0):
 garbage-first heap   total 147456K, used 68447K [0x0000000704400000, 0x0000000800000000)
  region size 2048K, 3 young (6144K), 3 survivors (6144K)
 Metaspace       used 75868K, committed 76224K, reserved 1179648K
  class space    used 8445K, committed 8640K, reserved 1048576K
}
Event: 5.466 GC heap before
{Heap before GC invocations=22 (full 0):
 garbage-first heap   total 147456K, used 113503K [0x0000000704400000, 0x0000000800000000)
  region size 2048K, 25 young (51200K), 3 survivors (6144K)
 Metaspace       used 80704K, committed 81088K, reserved 1179648K
  class space    used 8889K, committed 9088K, reserved 1048576K
}
Event: 5.478 GC heap after
{Heap after GC invocations=23 (full 0):
 garbage-first heap   total 147456K, used 72931K [0x0000000704400000, 0x0000000800000000)
  region size 2048K, 3 young (6144K), 3 survivors (6144K)
 Metaspace       used 80704K, committed 81088K, reserved 1179648K
  class space    used 8889K, committed 9088K, reserved 1048576K
}
Event: 5.901 GC heap before
{Heap before GC invocations=23 (full 0):
 garbage-first heap   total 147456K, used 113891K [0x0000000704400000, 0x0000000800000000)
  region size 2048K, 23 young (47104K), 3 survivors (6144K)
 Metaspace       used 85478K, committed 85824K, reserved 1179648K
  class space    used 9249K, committed 9408K, reserved 1048576K
}

Dll operation events (2 events):
Event: 0.004 Loaded shared library C:\Program Files\Android\Android Studio\jbr\bin\java.dll
Event: 0.818 Loaded shared library C:\Program Files\Android\Android Studio\jbr\bin\verify.dll

Deoptimization events (20 events):
Event: 5.833 Thread 0x00000209b696a760 Uncommon trap: trap_request=0xffffff45 fr.pc=0x00000209c1c90df8 relative=0x0000000000000538
Event: 5.833 Thread 0x00000209b696a760 Uncommon trap: reason=unstable_if action=reinterpret pc=0x00000209c1c90df8 method=java.lang.String.valueOf(Ljava/lang/Object;)Ljava/lang/String; @ 1 c2
Event: 5.833 Thread 0x00000209b696a760 DEOPT PACKING pc=0x00000209c1c90df8 sp=0x000000e5466fca70
Event: 5.833 Thread 0x00000209b696a760 DEOPT UNPACKING pc=0x00000209c12ea1a3 sp=0x000000e5466fca08 mode 2
Event: 5.858 Thread 0x00000209b696a760 Uncommon trap: trap_request=0xffffff45 fr.pc=0x00000209c1c0ac80 relative=0x00000000000001e0
Event: 5.858 Thread 0x00000209b696a760 Uncommon trap: reason=unstable_if action=reinterpret pc=0x00000209c1c0ac80 method=kotlin.sequences.FilteringSequence$iterator$1.hasNext()Z @ 5 c2
Event: 5.858 Thread 0x00000209b696a760 DEOPT PACKING pc=0x00000209c1c0ac80 sp=0x000000e5466fbb80
Event: 5.858 Thread 0x00000209b696a760 DEOPT UNPACKING pc=0x00000209c12ea1a3 sp=0x000000e5466fbb40 mode 2
Event: 5.860 Thread 0x00000209b696a760 Uncommon trap: trap_request=0xffffff45 fr.pc=0x00000209c1b0323c relative=0x000000000000009c
Event: 5.860 Thread 0x00000209b696a760 Uncommon trap: reason=unstable_if action=reinterpret pc=0x00000209c1b0323c method=java.lang.StringLatin1.lastIndexOf([BI[BII)I @ 32 c2
Event: 5.860 Thread 0x00000209b696a760 DEOPT PACKING pc=0x00000209c1b0323c sp=0x000000e5466fb7a0
Event: 5.860 Thread 0x00000209b696a760 DEOPT UNPACKING pc=0x00000209c12ea1a3 sp=0x000000e5466fb720 mode 2
Event: 5.895 Thread 0x00000209b696a760 Uncommon trap: trap_request=0xffffff45 fr.pc=0x00000209c2028d8c relative=0x000000000000016c
Event: 5.895 Thread 0x00000209b696a760 Uncommon trap: reason=unstable_if action=reinterpret pc=0x00000209c2028d8c method=org.jetbrains.kotlin.codegen.inline.InlineCodegenUtilsKt.isInlineMarker(Lorg/jetbrains/org/objectweb/asm/tree/AbstractInsnNode;Ljava/lang/String;)Z @ 33 c2
Event: 5.895 Thread 0x00000209b696a760 DEOPT PACKING pc=0x00000209c2028d8c sp=0x000000e5466fa1e0
Event: 5.895 Thread 0x00000209b696a760 DEOPT UNPACKING pc=0x00000209c12ea1a3 sp=0x000000e5466fa108 mode 2
Event: 5.895 Thread 0x00000209b696a760 Uncommon trap: trap_request=0xffffff45 fr.pc=0x00000209c2026f88 relative=0x0000000000000168
Event: 5.895 Thread 0x00000209b696a760 Uncommon trap: reason=unstable_if action=reinterpret pc=0x00000209c2026f88 method=org.jetbrains.kotlin.codegen.inline.InlineCodegenUtilsKt.isInlineMarker(Lorg/jetbrains/org/objectweb/asm/tree/AbstractInsnNode;Ljava/lang/String;)Z @ 33 c2
Event: 5.895 Thread 0x00000209b696a760 DEOPT PACKING pc=0x00000209c2026f88 sp=0x000000e5466fa160
Event: 5.895 Thread 0x00000209b696a760 DEOPT UNPACKING pc=0x00000209c12ea1a3 sp=0x000000e5466fa0f8 mode 2

Classes unloaded (0 events):
No events

Classes redefined (0 events):
No events

Internal exceptions (20 events):
Event: 2.657 Thread 0x00000209b696a760 Implicit null exception at 0x00000209c1b08295 to 0x00000209c1b08384
Event: 2.657 Thread 0x00000209b696a760 Implicit null exception at 0x00000209c1a44f58 to 0x00000209c1a44fee
Event: 2.665 Thread 0x00000209b696a760 Implicit null exception at 0x00000209c1a41b0f to 0x00000209c1a41b89
Event: 2.793 Thread 0x00000209b696a760 Exception <a 'java/lang/NoSuchMethodError'{0x00000007112372d0}: 'java.lang.Object java.lang.invoke.DirectMethodHandle$Holder.invokeInterface(java.lang.Object, java.lang.Object, java.lang.Object)'> (0x00000007112372d0) 
thrown [s\src\hotspot\share\interpreter\linkResolver.cpp, line 771]
Event: 2.794 Thread 0x00000209b696a760 Exception <a 'java/lang/IncompatibleClassChangeError'{0x000000071123aee8}: Found class java.lang.Object, but interface was expected> (0x000000071123aee8) 
thrown [s\src\hotspot\share\interpreter\linkResolver.cpp, line 838]
Event: 3.141 Thread 0x00000209b696a760 Exception <a 'java/lang/NoSuchMethodError'{0x0000000708be4b70}: 'java.lang.Object java.lang.invoke.DirectMethodHandle$Holder.newInvokeSpecial(java.lang.Object, java.lang.Object, java.lang.Object, java.lang.Object, java.lang.Object, java.lang.Object, java.lang.Object)'> (0x0000000708be4b70) 
thrown [s\src\hotspot\share\interpreter\linkResolver.cpp, line 771]
Event: 3.141 Thread 0x00000209b696a760 Exception <a 'java/lang/NoSuchMethodError'{0x0000000708bea8f8}: 'java.lang.Object java.lang.invoke.Invokers$Holder.linkToTargetMethod(java.lang.Object, java.lang.Object, java.lang.Object, java.lang.Object, java.lang.Object, java.lang.Object, java.lang.Object)'> (0x0000000708bea8f8) 
thrown [s\src\hotspot\share\interpreter\linkResolver.cpp, line 771]
Event: 3.340 Thread 0x00000209b696a760 Implicit null exception at 0x00000209c1d4ec4c to 0x00000209c1d4ee20
Event: 3.363 Thread 0x00000209b696a760 Implicit null exception at 0x00000209c1aaf034 to 0x00000209c1aaf0c1
Event: 3.545 Thread 0x00000209b696a760 Exception <a 'java/lang/NoSuchMethodError'{0x000000070c178dd0}: 'java.lang.Object java.lang.invoke.DirectMethodHandle$Holder.newInvokeSpecial(java.lang.Object, int, java.lang.Object)'> (0x000000070c178dd0) 
thrown [s\src\hotspot\share\interpreter\linkResolver.cpp, line 771]
Event: 3.546 Thread 0x00000209b696a760 Exception <a 'java/lang/NoSuchMethodError'{0x000000070c180410}: 'int java.lang.invoke.DirectMethodHandle$Holder.invokeInterface(java.lang.Object, java.lang.Object)'> (0x000000070c180410) 
thrown [s\src\hotspot\share\interpreter\linkResolver.cpp, line 771]
Event: 3.770 Thread 0x00000209b696a760 Implicit null exception at 0x00000209c1a7baeb to 0x00000209c1a7bcc0
Event: 3.885 Thread 0x00000209b696a760 Exception <a 'java/lang/NoSuchMethodError'{0x000000070a7525e0}: 'java.lang.Object java.lang.invoke.DirectMethodHandle$Holder.invokeStaticInit(java.lang.Object, java.lang.Object, java.lang.Object, java.lang.Object)'> (0x000000070a7525e0) 
thrown [s\src\hotspot\share\interpreter\linkResolver.cpp, line 771]
Event: 4.127 Thread 0x00000209b696a760 Exception <a 'java/lang/NoSuchMethodError'{0x000000070c93d690}: 'java.lang.Object java.lang.invoke.DirectMethodHandle$Holder.newInvokeSpecial(java.lang.Object, java.lang.Object, int, int, java.lang.Object, java.lang.Object, java.lang.Object)'> (0x000000070c93d690) 
thrown [s\src\hotspot\share\interpreter\linkResolver.cpp, line 771]
Event: 4.127 Thread 0x00000209b696a760 Exception <a 'java/lang/NoSuchMethodError'{0x000000070c941f38}: 'java.lang.Object java.lang.invoke.DirectMethodHandle$Holder.invokeSpecial(java.lang.Object, java.lang.Object, java.lang.Object, int, int, java.lang.Object, java.lang.Object, java.lang.Object)'> (0x000000070c941f38) 
thrown [s\src\hotspot\share\interpreter\linkResolver.cpp, line 771]
Event: 4.145 Thread 0x00000209b696a760 Exception <a 'java/lang/NoSuchMethodError'{0x000000070c6de8d0}: 'java.lang.Object java.lang.invoke.DirectMethodHandle$Holder.invokeSpecial(java.lang.Object, java.lang.Object, int, int, java.lang.Object, java.lang.Object, java.lang.Object, java.lang.Object, java.lang.Object)'> (0x000000070c6de8d0) 
thrown [s\src\hotspot\share\interpreter\linkResolver.cpp, line 771]
Event: 4.214 Thread 0x00000209b696a760 Exception <a 'java/lang/NoSuchMethodError'{0x000000070c0f5180}: 'java.lang.Object java.lang.invoke.DirectMethodHandle$Holder.invokeStatic(java.lang.Object, int, java.lang.Object)'> (0x000000070c0f5180) 
thrown [s\src\hotspot\share\interpreter\linkResolver.cpp, line 771]
Event: 4.218 Thread 0x00000209b696a760 Exception <a 'java/lang/NoSuchMethodError'{0x000000070c11a8f0}: 'java.lang.Object java.lang.invoke.DirectMethodHandle$Holder.newInvokeSpecial(java.lang.Object, int, java.lang.Object, java.lang.Object)'> (0x000000070c11a8f0) 
thrown [s\src\hotspot\share\interpreter\linkResolver.cpp, line 771]
Event: 4.825 Thread 0x00000209b696a760 Implicit null exception at 0x00000209c1a4a3f0 to 0x00000209c1a4a628
Event: 5.278 Thread 0x00000209b696a760 Implicit null exception at 0x00000209c1f289b5 to 0x00000209c1f28bd6

VM Operations (20 events):
Event: 5.600 Executing VM operation: HandshakeAllThreads done
Event: 5.629 Executing VM operation: HandshakeAllThreads
Event: 5.629 Executing VM operation: HandshakeAllThreads done
Event: 5.671 Executing VM operation: ICBufferFull
Event: 5.671 Executing VM operation: ICBufferFull done
Event: 5.675 Executing VM operation: HandshakeAllThreads
Event: 5.675 Executing VM operation: HandshakeAllThreads done
Event: 5.767 Executing VM operation: HandshakeAllThreads
Event: 5.767 Executing VM operation: HandshakeAllThreads done
Event: 5.771 Executing VM operation: ICBufferFull
Event: 5.771 Executing VM operation: ICBufferFull done
Event: 5.815 Executing VM operation: HandshakeAllThreads
Event: 5.815 Executing VM operation: HandshakeAllThreads done
Event: 5.872 Executing VM operation: ICBufferFull
Event: 5.872 Executing VM operation: ICBufferFull done
Event: 5.898 Executing VM operation: HandshakeAllThreads
Event: 5.898 Executing VM operation: HandshakeAllThreads done
Event: 5.900 Executing VM operation: HandshakeAllThreads
Event: 5.900 Executing VM operation: HandshakeAllThreads done
Event: 5.901 Executing VM operation: G1CollectForAllocation

Events (20 events):
Event: 5.603 Thread 0x00000209da0dd910 flushing nmethod 0x00000209bb4bf590
Event: 5.605 Thread 0x00000209da0dd910 flushing nmethod 0x00000209bbab1990
Event: 5.605 Thread 0x00000209da0dd910 flushing nmethod 0x00000209bbabe510
Event: 5.605 Thread 0x00000209da0dd910 flushing nmethod 0x00000209bbaf1510
Event: 5.605 Thread 0x00000209da0dd910 flushing nmethod 0x00000209bbaf4e90
Event: 5.605 Thread 0x00000209da0dd910 flushing nmethod 0x00000209bbb3d010
Event: 5.605 Thread 0x00000209da0dd910 flushing nmethod 0x00000209bbb43190
Event: 5.605 Thread 0x00000209da0dd910 flushing nmethod 0x00000209bbb4f490
Event: 5.605 Thread 0x00000209da0dd910 flushing nmethod 0x00000209bbb51610
Event: 5.605 Thread 0x00000209da0dd910 flushing nmethod 0x00000209bbb51c10
Event: 5.605 Thread 0x00000209da0dd910 flushing nmethod 0x00000209bbbe0e90
Event: 5.605 Thread 0x00000209da0dd910 flushing nmethod 0x00000209bbbe1590
Event: 5.605 Thread 0x00000209da0dd910 flushing nmethod 0x00000209bbc11090
Event: 5.606 Thread 0x00000209da0dd910 flushing nmethod 0x00000209bbe4af10
Event: 5.607 Thread 0x00000209da0dd910 flushing nmethod 0x00000209bbef2c90
Event: 5.607 Thread 0x00000209da0dd910 flushing nmethod 0x00000209bbef3510
Event: 5.607 Thread 0x00000209da0dd910 flushing nmethod 0x00000209bbef7690
Event: 5.607 Thread 0x00000209da0dd910 flushing nmethod 0x00000209bbefc590
Event: 5.718 loading class java/util/Vector$Itr
Event: 5.718 loading class java/util/Vector$Itr done


Dynamic libraries:
0x00007ff654b00000 - 0x00007ff654b0a000 	C:\Program Files\Android\Android Studio\jbr\bin\java.exe
0x00007ffed27b0000 - 0x00007ffed29c7000 	C:\WINDOWS\SYSTEM32\ntdll.dll
0x00007ffed0760000 - 0x00007ffed0824000 	C:\WINDOWS\System32\KERNEL32.DLL
0x00007ffecfe70000 - 0x00007ffed0217000 	C:\WINDOWS\System32\KERNELBASE.dll
0x00007ffed03c0000 - 0x00007ffed04d1000 	C:\WINDOWS\System32\ucrtbase.dll
0x00007ffeb7770000 - 0x00007ffeb778b000 	C:\Program Files\Android\Android Studio\jbr\bin\VCRUNTIME140.dll
0x00007ffe5f4b0000 - 0x00007ffe5f4c7000 	C:\Program Files\Android\Android Studio\jbr\bin\jli.dll
0x00007ffed1b00000 - 0x00007ffed1cae000 	C:\WINDOWS\System32\USER32.dll
0x00007ffed0390000 - 0x00007ffed03b6000 	C:\WINDOWS\System32\win32u.dll
0x00007ffeb5930000 - 0x00007ffeb5bc3000 	C:\WINDOWS\WinSxS\amd64_microsoft.windows.common-controls_6595b64144ccf1df_6.0.22621.3527_none_270e469b73872a76\COMCTL32.dll
0x00007ffed1660000 - 0x00007ffed1689000 	C:\WINDOWS\System32\GDI32.dll
0x00007ffed1cb0000 - 0x00007ffed1d57000 	C:\WINDOWS\System32\msvcrt.dll
0x00007ffecfb90000 - 0x00007ffecfca9000 	C:\WINDOWS\System32\gdi32full.dll
0x00007ffecfcb0000 - 0x00007ffecfd4a000 	C:\WINDOWS\System32\msvcp_win.dll
0x00007ffed0db0000 - 0x00007ffed0de1000 	C:\WINDOWS\System32\IMM32.DLL
0x00007ffeba040000 - 0x00007ffeba04c000 	C:\Program Files\Android\Android Studio\jbr\bin\vcruntime140_1.dll
0x00007ffea74b0000 - 0x00007ffea753d000 	C:\Program Files\Android\Android Studio\jbr\bin\msvcp140.dll
0x00007ffe55e60000 - 0x00007ffe56ae3000 	C:\Program Files\Android\Android Studio\jbr\bin\server\jvm.dll
0x00007ffed06a0000 - 0x00007ffed0752000 	C:\WINDOWS\System32\ADVAPI32.dll
0x00007ffed18e0000 - 0x00007ffed1988000 	C:\WINDOWS\System32\sechost.dll
0x00007ffecfdd0000 - 0x00007ffecfdf8000 	C:\WINDOWS\System32\bcrypt.dll
0x00007ffed19e0000 - 0x00007ffed1af5000 	C:\WINDOWS\System32\RPCRT4.dll
0x00007ffe55e20000 - 0x00007ffe55e29000 	C:\WINDOWS\SYSTEM32\WSOCK32.dll
0x00007ffed0cc0000 - 0x00007ffed0d31000 	C:\WINDOWS\System32\WS2_32.dll
0x00007ffec1b70000 - 0x00007ffec1ba4000 	C:\WINDOWS\SYSTEM32\WINMM.dll
0x00007ffece950000 - 0x00007ffece99d000 	C:\WINDOWS\SYSTEM32\POWRPROF.dll
0x00007ffec64d0000 - 0x00007ffec64da000 	C:\WINDOWS\SYSTEM32\VERSION.dll
0x00007ffece930000 - 0x00007ffece943000 	C:\WINDOWS\SYSTEM32\UMPDC.dll
0x00007ffecebe0000 - 0x00007ffecebf8000 	C:\WINDOWS\SYSTEM32\kernel.appcore.dll
0x00007ffe55da0000 - 0x00007ffe55daa000 	C:\Program Files\Android\Android Studio\jbr\bin\jimage.dll
0x00007ffecce20000 - 0x00007ffecd052000 	C:\WINDOWS\SYSTEM32\DBGHELP.DLL
0x00007ffed08b0000 - 0x00007ffed0c38000 	C:\WINDOWS\System32\combase.dll
0x00007ffed1690000 - 0x00007ffed1767000 	C:\WINDOWS\System32\OLEAUT32.dll
0x00007ffec5240000 - 0x00007ffec5272000 	C:\WINDOWS\SYSTEM32\dbgcore.DLL
0x00007ffecfd50000 - 0x00007ffecfdc9000 	C:\WINDOWS\System32\bcryptPrimitives.dll
0x00007ffe55d70000 - 0x00007ffe55d95000 	C:\Program Files\Android\Android Studio\jbr\bin\java.dll
0x00007ffe55d50000 - 0x00007ffe55d68000 	C:\Program Files\Android\Android Studio\jbr\bin\zip.dll
0x00007ffed0e00000 - 0x00007ffed165c000 	C:\WINDOWS\System32\SHELL32.dll
0x00007ffecda20000 - 0x00007ffece316000 	C:\WINDOWS\SYSTEM32\windows.storage.dll
0x00007ffecd8e0000 - 0x00007ffecda1e000 	C:\WINDOWS\SYSTEM32\wintypes.dll
0x00007ffed1e80000 - 0x00007ffed1f75000 	C:\WINDOWS\System32\SHCORE.dll
0x00007ffed0590000 - 0x00007ffed05ee000 	C:\WINDOWS\System32\shlwapi.dll
0x00007ffecfa00000 - 0x00007ffecfa21000 	C:\WINDOWS\SYSTEM32\profapi.dll
0x00007ffe55ac0000 - 0x00007ffe55ad9000 	C:\Program Files\Android\Android Studio\jbr\bin\net.dll
0x00007ffec76b0000 - 0x00007ffec77e6000 	C:\WINDOWS\SYSTEM32\WINHTTP.dll
0x00007ffecf050000 - 0x00007ffecf0b9000 	C:\WINDOWS\system32\mswsock.dll
0x00007ffe55aa0000 - 0x00007ffe55ab6000 	C:\Program Files\Android\Android Studio\jbr\bin\nio.dll
0x00007ffe5f650000 - 0x00007ffe5f660000 	C:\Program Files\Android\Android Studio\jbr\bin\verify.dll

dbghelp: loaded successfully - version: 4.0.5 - missing functions: none
symbol engine: initialized successfully - sym options: 0x614 - pdb path: .;C:\Program Files\Android\Android Studio\jbr\bin;C:\WINDOWS\SYSTEM32;C:\WINDOWS\WinSxS\amd64_microsoft.windows.common-controls_6595b64144ccf1df_6.0.22621.3527_none_270e469b73872a76;C:\Program Files\Android\Android Studio\jbr\bin\server

VM Arguments:
java_command: org.jetbrains.kotlin.cli.jvm.K2JVMCompiler @E:\Api\MyApplication3\app\build\20240522_10473560243968557799.compiler.options
java_class_path (initial): C:\Users\nguye\.gradle\caches\modules-2\files-2.1\org.jetbrains.kotlin\kotlin-compiler-embeddable\1.9.0\2c8c3a7402becca891f12739b3e9fd2dc2adbd7a\kotlin-compiler-embeddable-1.9.0.jar;C:\Users\nguye\.gradle\caches\modules-2\files-2.1\org.jetbrains.kotlin\kotlin-stdlib\1.9.0\8ee15ef0c67dc83d874f412d84378d7f0eb50b63\kotlin-stdlib-1.9.0.jar;C:\Users\nguye\.gradle\caches\modules-2\files-2.1\org.jetbrains.kotlin\kotlin-script-runtime\1.9.0\4b3102cbbb7e1b58d9d1adf89563f00069ffa7d1\kotlin-script-runtime-1.9.0.jar;C:\Users\nguye\.gradle\caches\modules-2\files-2.1\org.jetbrains.kotlin\kotlin-reflect\1.6.10\1cbe9c92c12a94eea200d23c2bbaedaf3daf5132\kotlin-reflect-1.6.10.jar;C:\Users\nguye\.gradle\caches\modules-2\files-2.1\org.jetbrains.kotlin\kotlin-daemon-embeddable\1.9.0\186543f5e28cf8d9a0290fecc2cf34301c40a65c\kotlin-daemon-embeddable-1.9.0.jar;C:\Users\nguye\.gradle\caches\modules-2\files-2.1\org.jetbrains.intellij.deps\trove4j\1.0.20200330\3afb14d5f9ceb459d724e907a21145e8ff394f02\trove4j-1.0.20200330.jar;C:\Users\nguye\.gradle\caches\modules-2\files-2.1\org.jetbrains.kotlin\kotlin-stdlib-common\1.9.0\cd65c21cfd1eec4d44ef09f9f52b6d9f8a720636\kotlin-stdlib-common-1.9.0.jar;C:\Users\nguye\.gradle\caches\modules-2\files-2.1\org.jetbrains\annotations\13.0\919f0dfe192fb4e063e7dacadee7f8bb9a2672a9\annotations-13.0.jar
Launcher Type: SUN_STANDARD

[Global flags]
     intx CICompilerCount                          = 12                                        {product} {ergonomic}
     uint ConcGCThreads                            = 3                                         {product} {ergonomic}
     uint G1ConcRefinementThreads                  = 13                                        {product} {ergonomic}
   size_t G1HeapRegionSize                         = 2097152                                   {product} {ergonomic}
    uintx GCDrainStackTargetSize                   = 64                                        {product} {ergonomic}
   size_t InitialHeapSize                          = 264241152                                 {product} {ergonomic}
   size_t MarkStackSize                            = 4194304                                   {product} {ergonomic}
   size_t MaxHeapSize                              = 4223664128                                {product} {ergonomic}
   size_t MaxNewSize                               = 2533359616                                {product} {ergonomic}
   size_t MinHeapDeltaBytes                        = 2097152                                   {product} {ergonomic}
   size_t MinHeapSize                              = 8388608                                   {product} {ergonomic}
    uintx NonNMethodCodeHeapSize                   = 7602480                                {pd product} {ergonomic}
    uintx NonProfiledCodeHeapSize                  = 122027880                              {pd product} {ergonomic}
    uintx ProfiledCodeHeapSize                     = 122027880                              {pd product} {ergonomic}
    uintx ReservedCodeCacheSize                    = 251658240                              {pd product} {ergonomic}
     bool SegmentedCodeCache                       = true                                      {product} {ergonomic}
   size_t SoftMaxHeapSize                          = 4223664128                             {manageable} {ergonomic}
     bool UseCompressedClassPointers               = true                           {product lp64_product} {ergonomic}
     bool UseCompressedOops                        = true                           {product lp64_product} {ergonomic}
     bool UseG1GC                                  = true                                      {product} {ergonomic}
     bool UseLargePagesIndividualAllocation        = false                                  {pd product} {ergonomic}

Logging:
Log output configuration:
 #0: stdout all=warning uptime,level,tags
 #1: stderr all=off uptime,level,tags

Environment Variables:
JAVA_HOME=C:\Program Files\Java\jdk-19
PATH=C:\Program Files\Common Files\Oracle\Java\javapath;C:\Windows\system32;C:\Windows;C:\Windows\System32\Wbem;C:\Windows\System32\WindowsPowerShell\v1.0\;C:\Windows\System32\OpenSSH\;C:\Program Files (x86)\NVIDIA Corporation\PhysX\Common;C:\Program Files\NVIDIA Corporation\NVIDIA NvDLISR;C:\WINDOWS\system32;C:\WINDOWS;C:\WINDOWS\System32\Wbem;C:\WINDOWS\System32\WindowsPowerShell\v1.0\;C:\WINDOWS\System32\OpenSSH\;C:\Program Files\dotnet\;C:\Program Files\Cloudflare\Cloudflare WARP\;C:\Program Files\Java\jdk-19\bin;C:\Program Files\nodejs\;C:\Program Files\Git\cmd;C:\Users\nguye\AppData\Local\Microsoft\WindowsApps;C:\Users\nguye\AppData\Local\Programs\Microsoft VS Code\bin;C:\Users\nguye\AppData\Roaming\npm
USERNAME=Admin
OS=Windows_NT
PROCESSOR_IDENTIFIER=Intel64 Family 6 Model 141 Stepping 1, GenuineIntel
TMP=C:\Users\nguye\AppData\Local\Temp
TEMP=C:\Users\nguye\AppData\Local\Temp



Periodic native trim disabled

JNI global refs:
JNI global refs: 24, weak refs: 15

JNI global refs memory usage: 843, weak refs: 841

OOME stack traces (most recent first):
Classloader memory used:
Loader jdk.internal.loader.ClassLoaders$AppClassLoader                                 : 8932K
Loader bootstrap                                                                       : 1463K
Loader java.net.URLClassLoader                                                         : 272K
Loader jdk.internal.reflect.DelegatingClassLoader                                      : 17327B


---------------  S Y S T E M  ---------------

OS:
 Windows 11 , 64 bit Build 22621 (10.0.22621.3527)
OS uptime: 0 days 14:02 hours

CPU: total 16 (initial active 16) (8 cores per cpu, 2 threads per core) family 6 model 141 stepping 1 microcode 0x4e, cx8, cmov, fxsr, ht, mmx, 3dnowpref, sse, sse2, sse3, ssse3, sse4.1, sse4.2, popcnt, lzcnt, tsc, tscinvbit, avx, avx2, aes, erms, clmul, bmi1, bmi2, adx, avx512f, avx512dq, avx512cd, avx512bw, avx512vl, sha, fma, vzeroupper, avx512_vpopcntdq, avx512_vpclmulqdq, avx512_vaes, avx512_vnni, clflush, clflushopt, clwb, avx512_vbmi2, avx512_vbmi
Processor Information for all 16 processors :
  Max Mhz: 2304, Current Mhz: 2304, Mhz Limit: 2304

Memory: 4k page, system-wide physical 16110M (456M free)
TotalPageFile size 36640M (AvailPageFile size 62M)
current process WorkingSet (physical memory assigned to process): 397M, peak: 399M
current process commit charge ("private bytes"): 446M, peak: 505M

vm_info: OpenJDK 64-Bit Server VM (17.0.9+0--11185874) for windows-amd64 JRE (17.0.9+0--11185874), built on Dec  6 2023 18:57:44 by "androidbuild" with MS VC++ 16.10 / 16.11 (VS2019)

END.
