#
# There is insufficient memory for the Java Runtime Environment to continue.
# Native memory allocation (mmap) failed to map 88080384 bytes for G1 virtual space
# Possible reasons:
#   The system is out of physical RAM or swap space
#   The process is running with CompressedOops enabled, and the Java Heap may be blocking the growth of the native heap
# Possible solutions:
#   Reduce memory load on the system
#   Increase physical memory or swap space
#   Check if swap backing store is full
#   Decrease Java heap size (-Xmx/-Xms)
#   Decrease number of Java threads
#   Decrease Java thread stack sizes (-Xss)
#   Set larger code cache with -XX:ReservedCodeCacheSize=
#   JVM is running with Zero Based Compressed Oops mode in which the Java heap is
#     placed in the first 32GB address space. The Java Heap base address is the
#     maximum limit for the native heap growth. Please use -XX:HeapBaseMinAddress
#     to set the Java Heap base and to place the Java Heap above 32GB virtual address.
# This output file may be truncated or incomplete.
#
#  Out of Memory Error (os_windows.cpp:3825), pid=23720, tid=13716
#
# JRE version: OpenJDK Runtime Environment (17.0.9) (build 17.0.9+0--11185874)
# Java VM: OpenJDK 64-Bit Server VM (17.0.9+0--11185874, mixed mode, tiered, compressed oops, compressed class ptrs, g1 gc, windows-amd64)
# No core dump will be written. Minidumps are not enabled by default on client versions of Windows
#

---------------  S U M M A R Y ------------

Command Line: org.jetbrains.kotlin.cli.jvm.K2JVMCompiler @E:\Api\MyApplication3\app\build\20240522_9375804705831318229.compiler.options

Host: 11th Gen Intel(R) Core(TM) i7-11800H @ 2.30GHz, 16 cores, 15G,  Windows 11 , 64 bit Build 22621 (10.0.22621.3527)
Time: Wed May 22 00:01:12 2024 SE Asia Standard Time elapsed time: 6.120081 seconds (0d 0h 0m 6s)

---------------  T H R E A D  ---------------

Current thread (0x000002173e9a46c0):  VMThread "VM Thread" [stack: 0x000000ceac800000,0x000000ceac900000] [id=13716]

Stack: [0x000000ceac800000,0x000000ceac900000]
Native frames: (J=compiled Java code, j=interpreted, Vv=VM code, C=native code)
V  [jvm.dll+0x6886e9]
V  [jvm.dll+0x841e4a]
V  [jvm.dll+0x843a8e]
V  [jvm.dll+0x8440f3]
V  [jvm.dll+0x24c14f]
V  [jvm.dll+0x685499]
V  [jvm.dll+0x679c2a]
V  [jvm.dll+0x30cf9b]
V  [jvm.dll+0x314446]
V  [jvm.dll+0x36425e]
V  [jvm.dll+0x36448f]
V  [jvm.dll+0x2e2d68]
V  [jvm.dll+0x2e0f44]
V  [jvm.dll+0x2e054c]
V  [jvm.dll+0x3253fb]
V  [jvm.dll+0x8487eb]
V  [jvm.dll+0x849531]
V  [jvm.dll+0x849a4d]
V  [jvm.dll+0x849e24]
V  [jvm.dll+0x849ef0]
V  [jvm.dll+0x7f06aa]
V  [jvm.dll+0x687565]
C  [ucrtbase.dll+0x29333]
C  [KERNEL32.DLL+0x1257d]
C  [ntdll.dll+0x5aa48]

VM_Operation (0x000000ceac2fcba0): G1CollectForAllocation, mode: safepoint, requested by thread 0x000002171f498e30


---------------  P R O C E S S  ---------------

Threads class SMR info:
_java_thread_list=0x000002173eb86f60, length=18, elements={
0x000002171f498e30, 0x000002173e9c9270, 0x000002173e9c9e30, 0x000002173ea0a560,
0x000002173ea0b120, 0x000002173ea0fc00, 0x000002173ea105c0, 0x000002173ea11360,
0x000002173ea1d320, 0x000002173ea1e110, 0x000002173eb6e1b0, 0x000002173eb82f20,
0x000002173eb8f8a0, 0x000002173ec34b10, 0x0000021743096570, 0x000002174327dd20,
0x00000217437a4500, 0x0000021743d2e6a0
}

Java Threads: ( => current thread )
  0x000002171f498e30 JavaThread "main" [_thread_blocked, id=1064, stack(0x000000ceac200000,0x000000ceac300000)]
  0x000002173e9c9270 JavaThread "Reference Handler" daemon [_thread_blocked, id=976, stack(0x000000ceac900000,0x000000ceaca00000)]
  0x000002173e9c9e30 JavaThread "Finalizer" daemon [_thread_blocked, id=6784, stack(0x000000ceaca00000,0x000000ceacb00000)]
  0x000002173ea0a560 JavaThread "Signal Dispatcher" daemon [_thread_blocked, id=22412, stack(0x000000ceacb00000,0x000000ceacc00000)]
  0x000002173ea0b120 JavaThread "Attach Listener" daemon [_thread_blocked, id=23176, stack(0x000000ceacc00000,0x000000ceacd00000)]
  0x000002173ea0fc00 JavaThread "Service Thread" daemon [_thread_blocked, id=3180, stack(0x000000ceacd00000,0x000000ceace00000)]
  0x000002173ea105c0 JavaThread "Monitor Deflation Thread" daemon [_thread_blocked, id=13628, stack(0x000000ceace00000,0x000000ceacf00000)]
  0x000002173ea11360 JavaThread "C2 CompilerThread0" daemon [_thread_blocked, id=14904, stack(0x000000ceacf00000,0x000000cead000000)]
  0x000002173ea1d320 JavaThread "C1 CompilerThread0" daemon [_thread_blocked, id=8696, stack(0x000000cead000000,0x000000cead100000)]
  0x000002173ea1e110 JavaThread "Sweeper thread" daemon [_thread_blocked, id=22856, stack(0x000000cead100000,0x000000cead200000)]
  0x000002173eb6e1b0 JavaThread "C1 CompilerThread1" daemon [_thread_blocked, id=5008, stack(0x000000cead200000,0x000000cead300000)]
  0x000002173eb82f20 JavaThread "Notification Thread" daemon [_thread_blocked, id=19520, stack(0x000000cead300000,0x000000cead400000)]
  0x000002173eb8f8a0 JavaThread "Common-Cleaner" daemon [_thread_blocked, id=25112, stack(0x000000cead500000,0x000000cead600000)]
  0x000002173ec34b10 JavaThread "C2 CompilerThread1" daemon [_thread_blocked, id=17368, stack(0x000000cead600000,0x000000cead700000)]
  0x0000021743096570 JavaThread "C1 CompilerThread2" daemon [_thread_blocked, id=9248, stack(0x000000cead700000,0x000000cead800000)]
  0x000002174327dd20 JavaThread "C1 CompilerThread3" daemon [_thread_blocked, id=25248, stack(0x000000cead800000,0x000000cead900000)]
  0x00000217437a4500 JavaThread "C2 CompilerThread2" daemon [_thread_blocked, id=24052, stack(0x000000ceade00000,0x000000ceadf00000)]
  0x0000021743d2e6a0 JavaThread "C2 CompilerThread3" daemon [_thread_blocked, id=24300, stack(0x000000ceae600000,0x000000ceae700000)]

Other Threads:
=>0x000002173e9a46c0 VMThread "VM Thread" [stack: 0x000000ceac800000,0x000000ceac900000] [id=13716]
  0x000002173eb85c20 WatcherThread [stack: 0x000000cead400000,0x000000cead500000] [id=6428]
  0x000002171f5090c0 GCTaskThread "GC Thread#0" [stack: 0x000000ceac300000,0x000000ceac400000] [id=14192]
  0x00000217433293a0 GCTaskThread "GC Thread#1" [stack: 0x000000cead900000,0x000000ceada00000] [id=20340]
  0x0000021743095fc0 GCTaskThread "GC Thread#2" [stack: 0x000000ceada00000,0x000000ceadb00000] [id=17364]
  0x0000021743096280 GCTaskThread "GC Thread#3" [stack: 0x000000ceadb00000,0x000000ceadc00000] [id=23880]
  0x00000217432f9120 GCTaskThread "GC Thread#4" [stack: 0x000000ceadc00000,0x000000ceadd00000] [id=22340]
  0x00000217432f97f0 GCTaskThread "GC Thread#5" [stack: 0x000000ceadd00000,0x000000ceade00000] [id=16008]
  0x0000021743b9de40 GCTaskThread "GC Thread#6" [stack: 0x000000ceadf00000,0x000000ceae000000] [id=24452]
  0x0000021743ada110 GCTaskThread "GC Thread#7" [stack: 0x000000ceae000000,0x000000ceae100000] [id=9340]
  0x0000021743ada3d0 GCTaskThread "GC Thread#8" [stack: 0x000000ceae100000,0x000000ceae200000] [id=24128]
  0x0000021744f4c160 GCTaskThread "GC Thread#9" [stack: 0x000000ceae400000,0x000000ceae500000] [id=15436]
  0x0000021744f4c420 GCTaskThread "GC Thread#10" [stack: 0x000000ceae500000,0x000000ceae600000] [id=5988]
  0x0000021744f4ae20 GCTaskThread "GC Thread#11" [stack: 0x000000ceae700000,0x000000ceae800000] [id=16184]
  0x0000021744f4bea0 GCTaskThread "GC Thread#12" [stack: 0x000000ceae800000,0x000000ceae900000] [id=22452]
  0x000002171f519bd0 ConcurrentGCThread "G1 Main Marker" [stack: 0x000000ceac400000,0x000000ceac500000] [id=23052]
  0x000002171f51a5f0 ConcurrentGCThread "G1 Conc#0" [stack: 0x000000ceac500000,0x000000ceac600000] [id=8172]
  0x0000021743adaea0 ConcurrentGCThread "G1 Conc#1" [stack: 0x000000ceae200000,0x000000ceae300000] [id=12708]
  0x0000021743c132d0 ConcurrentGCThread "G1 Conc#2" [stack: 0x000000ceae300000,0x000000ceae400000] [id=2256]
  0x000002173e4bbe50 ConcurrentGCThread "G1 Refine#0" [stack: 0x000000ceac600000,0x000000ceac700000] [id=15760]
  0x000002173e4bc880 ConcurrentGCThread "G1 Service" [stack: 0x000000ceac700000,0x000000ceac800000] [id=22564]

Threads with active compile tasks:
C2 CompilerThread0     6130 14861       4       org.jetbrains.kotlin.types.AbstractTypeMapper::mapType (568 bytes)
C2 CompilerThread1     6130 15787       4       org.jetbrains.kotlin.codegen.optimization.common.OptimizationBasicInterpreter::merge (203 bytes)
C1 CompilerThread3     6130 15918       3       org.jetbrains.kotlin.codegen.optimization.RedundantCheckCastEliminationMethodTransformer::getTypeAdjustmentForALoadInstructions (194 bytes)
C2 CompilerThread2     6130 15836 %     4       org.jetbrains.kotlin.codegen.optimization.temporaryVals.TemporaryValsAnalyzer::analyze @ 184 (1271 bytes)
C2 CompilerThread3     6130 15474       4       org.jetbrains.kotlin.load.kotlin.TypeSignatureMappingKt::mapBuiltInType (339 bytes)

VM state: at safepoint (normal execution)

VM Mutex/Monitor currently owned by a thread:  ([mutex/lock_event])
[0x000002171f495d60] Threads_lock - owner thread: 0x000002173e9a46c0
[0x000002171f4956a0] Heap_lock - owner thread: 0x000002171f498e30

Heap address: 0x0000000704400000, size: 4028 MB, Compressed Oops mode: Zero based, Oop shift amount: 3

CDS archive(s) not mapped
Compressed class space mapped at: 0x0000000800000000-0x0000000840000000, reserved size: 1073741824
Narrow klass base: 0x0000000800000000, Narrow klass shift: 0, Narrow klass range: 0x40000000

GC Precious Log:
 CPUs: 16 total, 16 available
 Memory: 16110M
 Large Page Support: Disabled
 NUMA Support: Disabled
 Compressed Oops: Enabled (Zero based)
 Heap Region Size: 2M
 Heap Min Capacity: 8M
 Heap Initial Capacity: 252M
 Heap Max Capacity: 4028M
 Pre-touch: Disabled
 Parallel Workers: 13
 Concurrent Workers: 3
 Concurrent Refinement Workers: 13
 Periodic GC: Disabled

Heap:
 garbage-first heap   total 133120K, used 76206K [0x0000000704400000, 0x0000000800000000)
  region size 2048K, 1 young (2048K), 1 survivors (2048K)
 Metaspace       used 85871K, committed 86208K, reserved 1179648K
  class space    used 9252K, committed 9408K, reserved 1048576K

Heap Regions: E=young(eden), S=young(survivor), O=old, HS=humongous(starts), HC=humongous(continues), CS=collection set, F=free, OA=open archive, CA=closed archive, TAMS=top-at-mark-start (previous, next)
|   0|0x0000000704400000, 0x0000000704600000, 0x0000000704600000|100%|HS|  |TAMS 0x0000000704600000, 0x0000000704400000| Complete 
|   1|0x0000000704600000, 0x0000000704800000, 0x0000000704800000|100%|HC|  |TAMS 0x0000000704800000, 0x0000000704600000| Complete 
|   2|0x0000000704800000, 0x0000000704a00000, 0x0000000704a00000|100%| O|  |TAMS 0x0000000704800000, 0x0000000704800000| Untracked 
|   3|0x0000000704a00000, 0x0000000704c00000, 0x0000000704c00000|100%| O|  |TAMS 0x0000000704c00000, 0x0000000704a00000| Untracked 
|   4|0x0000000704c00000, 0x0000000704e00000, 0x0000000704e00000|100%| O|  |TAMS 0x0000000704e00000, 0x0000000704c00000| Untracked 
|   5|0x0000000704e00000, 0x0000000705000000, 0x0000000705000000|100%| O|  |TAMS 0x0000000705000000, 0x0000000704e00000| Untracked 
|   6|0x0000000705000000, 0x0000000705200000, 0x0000000705200000|100%| O|  |TAMS 0x0000000705200000, 0x0000000705000000| Untracked 
|   7|0x0000000705200000, 0x0000000705400000, 0x0000000705400000|100%| O|  |TAMS 0x0000000705400000, 0x0000000705200000| Untracked 
|   8|0x0000000705400000, 0x0000000705600000, 0x0000000705600000|100%| O|  |TAMS 0x0000000705600000, 0x0000000705400000| Untracked 
|   9|0x0000000705600000, 0x0000000705800000, 0x0000000705800000|100%|HS|  |TAMS 0x0000000705800000, 0x0000000705600000| Complete 
|  10|0x0000000705800000, 0x0000000705a00000, 0x0000000705a00000|100%| O|  |TAMS 0x0000000705a00000, 0x0000000705800000| Untracked 
|  11|0x0000000705a00000, 0x0000000705c00000, 0x0000000705c00000|100%| O|  |TAMS 0x0000000705c00000, 0x0000000705a00000| Untracked 
|  12|0x0000000705c00000, 0x0000000705e00000, 0x0000000705e00000|100%| O|  |TAMS 0x0000000705e00000, 0x0000000705c00000| Untracked 
|  13|0x0000000705e00000, 0x0000000706000000, 0x0000000706000000|100%| O|  |TAMS 0x0000000706000000, 0x0000000705e00000| Untracked 
|  14|0x0000000706000000, 0x0000000706200000, 0x0000000706200000|100%| O|  |TAMS 0x0000000706200000, 0x0000000706000000| Untracked 
|  15|0x0000000706200000, 0x0000000706400000, 0x0000000706400000|100%| O|  |TAMS 0x0000000706400000, 0x0000000706200000| Untracked 
|  16|0x0000000706400000, 0x0000000706400000, 0x0000000706600000|  0%| F|  |TAMS 0x0000000706400000, 0x0000000706400000| Untracked 
|  17|0x0000000706600000, 0x0000000706800000, 0x0000000706800000|100%| O|  |TAMS 0x0000000706800000, 0x0000000706600000| Untracked 
|  18|0x0000000706800000, 0x0000000706a00000, 0x0000000706a00000|100%| O|  |TAMS 0x0000000706a00000, 0x0000000706800000| Untracked 
|  19|0x0000000706a00000, 0x0000000706c00000, 0x0000000706c00000|100%| O|  |TAMS 0x0000000706c00000, 0x0000000706a00000| Untracked 
|  20|0x0000000706c00000, 0x0000000706e00000, 0x0000000706e00000|100%| O|  |TAMS 0x0000000706e00000, 0x0000000706c00000| Untracked 
|  21|0x0000000706e00000, 0x0000000707000000, 0x0000000707000000|100%| O|  |TAMS 0x0000000707000000, 0x0000000706e00000| Untracked 
|  22|0x0000000707000000, 0x0000000707200000, 0x0000000707200000|100%| O|  |TAMS 0x0000000707200000, 0x0000000707000000| Untracked 
|  23|0x0000000707200000, 0x0000000707400000, 0x0000000707400000|100%| O|  |TAMS 0x0000000707400000, 0x0000000707200000| Untracked 
|  24|0x0000000707400000, 0x0000000707600000, 0x0000000707600000|100%| O|  |TAMS 0x0000000707600000, 0x0000000707400000| Untracked 
|  25|0x0000000707600000, 0x0000000707800000, 0x0000000707800000|100%| O|  |TAMS 0x0000000707800000, 0x0000000707600000| Untracked 
|  26|0x0000000707800000, 0x0000000707a00000, 0x0000000707a00000|100%| O|  |TAMS 0x0000000707a00000, 0x0000000707800000| Untracked 
|  27|0x0000000707a00000, 0x0000000707c00000, 0x0000000707c00000|100%| O|  |TAMS 0x0000000707c00000, 0x0000000707a00000| Untracked 
|  28|0x0000000707c00000, 0x0000000707e00000, 0x0000000707e00000|100%| O|  |TAMS 0x0000000707e00000, 0x0000000707c00000| Untracked 
|  29|0x0000000707e00000, 0x0000000708000000, 0x0000000708000000|100%| O|  |TAMS 0x0000000708000000, 0x0000000707e00000| Untracked 
|  30|0x0000000708000000, 0x0000000708200000, 0x0000000708200000|100%| O|  |TAMS 0x0000000708200000, 0x0000000708000000| Untracked 
|  31|0x0000000708200000, 0x0000000708400000, 0x0000000708400000|100%| O|  |TAMS 0x0000000708400000, 0x0000000708200000| Untracked 
|  32|0x0000000708400000, 0x0000000708600000, 0x0000000708600000|100%| O|  |TAMS 0x0000000708600000, 0x0000000708400000| Untracked 
|  33|0x0000000708600000, 0x0000000708800000, 0x0000000708800000|100%| O|  |TAMS 0x0000000708800000, 0x0000000708600000| Untracked 
|  34|0x0000000708800000, 0x0000000708a00000, 0x0000000708a00000|100%| O|  |TAMS 0x0000000708a00000, 0x0000000708800000| Untracked 
|  35|0x0000000708a00000, 0x0000000708c00000, 0x0000000708c00000|100%| O|  |TAMS 0x0000000708c00000, 0x0000000708a00000| Untracked 
|  36|0x0000000708c00000, 0x0000000708e00000, 0x0000000708e00000|100%| O|  |TAMS 0x0000000708c8a800, 0x0000000708c00000| Untracked 
|  37|0x0000000708e00000, 0x0000000708f82a00, 0x0000000709000000| 75%| O|  |TAMS 0x0000000708e00000, 0x0000000708e00000| Untracked 
|  38|0x0000000709000000, 0x0000000709000000, 0x0000000709200000|  0%| F|  |TAMS 0x0000000709000000, 0x0000000709000000| Untracked 
|  39|0x0000000709200000, 0x0000000709200000, 0x0000000709400000|  0%| F|  |TAMS 0x0000000709200000, 0x0000000709200000| Untracked 
|  40|0x0000000709400000, 0x0000000709400000, 0x0000000709600000|  0%| F|  |TAMS 0x0000000709400000, 0x0000000709400000| Untracked 
|  41|0x0000000709600000, 0x0000000709600000, 0x0000000709800000|  0%| F|  |TAMS 0x0000000709600000, 0x0000000709600000| Untracked 
|  42|0x0000000709800000, 0x0000000709800000, 0x0000000709a00000|  0%| F|  |TAMS 0x0000000709800000, 0x0000000709800000| Untracked 
|  43|0x0000000709a00000, 0x0000000709a00000, 0x0000000709c00000|  0%| F|  |TAMS 0x0000000709a00000, 0x0000000709a00000| Untracked 
|  44|0x0000000709c00000, 0x0000000709c00000, 0x0000000709e00000|  0%| F|  |TAMS 0x0000000709c00000, 0x0000000709c00000| Untracked 
|  45|0x0000000709e00000, 0x0000000709e00000, 0x000000070a000000|  0%| F|  |TAMS 0x0000000709e00000, 0x0000000709e00000| Untracked 
|  46|0x000000070a000000, 0x000000070a000000, 0x000000070a200000|  0%| F|  |TAMS 0x000000070a000000, 0x000000070a000000| Untracked 
|  47|0x000000070a200000, 0x000000070a200000, 0x000000070a400000|  0%| F|  |TAMS 0x000000070a200000, 0x000000070a200000| Untracked 
|  48|0x000000070a400000, 0x000000070a400000, 0x000000070a600000|  0%| F|  |TAMS 0x000000070a400000, 0x000000070a400000| Untracked 
|  49|0x000000070a600000, 0x000000070a600000, 0x000000070a800000|  0%| F|  |TAMS 0x000000070a600000, 0x000000070a600000| Untracked 
|  50|0x000000070a800000, 0x000000070a800000, 0x000000070aa00000|  0%| F|  |TAMS 0x000000070a800000, 0x000000070a800000| Untracked 
|  51|0x000000070aa00000, 0x000000070aa00000, 0x000000070ac00000|  0%| F|  |TAMS 0x000000070aa00000, 0x000000070aa00000| Untracked 
|  52|0x000000070ac00000, 0x000000070ac00000, 0x000000070ae00000|  0%| F|  |TAMS 0x000000070ac00000, 0x000000070ac00000| Untracked 
|  53|0x000000070ae00000, 0x000000070ae00000, 0x000000070b000000|  0%| F|  |TAMS 0x000000070ae00000, 0x000000070ae00000| Untracked 
|  54|0x000000070b000000, 0x000000070b000000, 0x000000070b200000|  0%| F|  |TAMS 0x000000070b000000, 0x000000070b000000| Untracked 
|  55|0x000000070b200000, 0x000000070b200000, 0x000000070b400000|  0%| F|  |TAMS 0x000000070b200000, 0x000000070b200000| Untracked 
|  56|0x000000070b400000, 0x000000070b400000, 0x000000070b600000|  0%| F|  |TAMS 0x000000070b400000, 0x000000070b400000| Untracked 
|  57|0x000000070b600000, 0x000000070b600000, 0x000000070b800000|  0%| F|  |TAMS 0x000000070b600000, 0x000000070b600000| Untracked 
|  58|0x000000070b800000, 0x000000070b800000, 0x000000070ba00000|  0%| F|  |TAMS 0x000000070b800000, 0x000000070b800000| Untracked 
|  59|0x000000070ba00000, 0x000000070ba00000, 0x000000070bc00000|  0%| F|  |TAMS 0x000000070ba00000, 0x000000070ba00000| Untracked 
|  60|0x000000070bc00000, 0x000000070bc00000, 0x000000070be00000|  0%| F|  |TAMS 0x000000070bc00000, 0x000000070bc00000| Untracked 
|  61|0x000000070be00000, 0x000000070be00000, 0x000000070c000000|  0%| F|  |TAMS 0x000000070be00000, 0x000000070be00000| Untracked 
|  62|0x000000070c000000, 0x000000070c000000, 0x000000070c200000|  0%| F|  |TAMS 0x000000070c000000, 0x000000070c000000| Untracked 
| 105|0x0000000711600000, 0x00000007116e8f20, 0x0000000711800000| 45%| S|CS|TAMS 0x0000000711600000, 0x0000000711600000| Complete 
| 125|0x0000000713e00000, 0x0000000713e00000, 0x0000000714000000|  0%| F|  |TAMS 0x0000000713e00000, 0x0000000713e00000| Untracked 

Card table byte_map: [0x00000217329e0000,0x00000217331c0000] _byte_map_base: 0x000002172f1be000

Marking Bits (Prev, Next): (CMBitMap*) 0x000002171f509720, (CMBitMap*) 0x000002171f5096e0
 Prev Bits: [0x0000021737890000, 0x000002173b780000)
 Next Bits: [0x00000217339a0000, 0x0000021737890000)

Polling page: 0x000002171ec50000

Metaspace:

Usage:
  Non-class:     74.82 MB used.
      Class:      9.04 MB used.
       Both:     83.86 MB used.

Virtual space:
  Non-class space:      128.00 MB reserved,      75.00 MB ( 59%) committed,  2 nodes.
      Class space:        1.00 GB reserved,       9.19 MB ( <1%) committed,  1 nodes.
             Both:        1.12 GB reserved,      84.19 MB (  7%) committed. 

Chunk freelists:
   Non-Class:  4.92 MB
       Class:  6.62 MB
        Both:  11.55 MB

MaxMetaspaceSize: unlimited
CompressedClassSpaceSize: 1.00 GB
Initial GC threshold: 21.00 MB
Current GC threshold: 137.81 MB
CDS: off
MetaspaceReclaimPolicy: balanced
 - commit_granule_bytes: 65536.
 - commit_granule_words: 8192.
 - virtual_space_node_default_size: 8388608.
 - enlarge_chunks_in_place: 1.
 - new_chunks_are_fully_committed: 0.
 - uncommit_free_chunks: 1.
 - use_allocation_guard: 0.
 - handle_deallocations: 1.


Internal statistics:

num_allocs_failed_limit: 6.
num_arena_births: 434.
num_arena_deaths: 0.
num_vsnodes_births: 3.
num_vsnodes_deaths: 0.
num_space_committed: 1345.
num_space_uncommitted: 0.
num_chunks_returned_to_freelist: 6.
num_chunks_taken_from_freelist: 3173.
num_chunk_merges: 6.
num_chunk_splits: 2625.
num_chunks_enlarged: 2308.
num_inconsistent_stats: 0.

CodeHeap 'non-profiled nmethods': size=119168Kb used=6756Kb max_used=6756Kb free=112411Kb
 bounds [0x000002172a510000, 0x000002172abb0000, 0x0000021731970000]
CodeHeap 'profiled nmethods': size=119104Kb used=44249Kb max_used=44249Kb free=74854Kb
 bounds [0x0000021722970000, 0x00000217254b0000, 0x0000021729dc0000]
CodeHeap 'non-nmethods': size=7488Kb used=3163Kb max_used=3177Kb free=4324Kb
 bounds [0x0000021729dc0000, 0x000002172a0f0000, 0x000002172a510000]
 total_blobs=14454 nmethods=13704 adapters=653
 compilation: enabled
              stopped_count=0, restarted_count=0
 full_count=0

Compilation events (20 events):
Event: 6.100 Thread 0x000002173ea1d320 nmethod 15910 0x00000217254a5b10 code [0x00000217254a5ca0, 0x00000217254a5de8]
Event: 6.100 Thread 0x000002173ea1d320 15911       3       org.jetbrains.kotlin.codegen.inline.GlobalInlineContext::getInlineCallsAndDeclarations (19 bytes)
Event: 6.101 Thread 0x000002173ea1d320 nmethod 15911 0x00000217254a5f10 code [0x00000217254a60c0, 0x00000217254a63a8]
Event: 6.101 Thread 0x000002173ea1d320 15912       1       org.jetbrains.kotlin.codegen.state.GenerationState::getShouldInlineConstVals (5 bytes)
Event: 6.101 Thread 0x000002173ea1d320 nmethod 15912 0x000002172aba6490 code [0x000002172aba6620, 0x000002172aba66f8]
Event: 6.102 Thread 0x000002174327dd20 15913       3       org.jetbrains.kotlin.backend.jvm.codegen.IrCodegenUtilsKt::isAnnotatedWithDeprecated (19 bytes)
Event: 6.102 Thread 0x000002173eb6e1b0 15914       3       org.jetbrains.kotlin.config.CompilerConfiguration::getBoolean (25 bytes)
Event: 6.102 Thread 0x000002174327dd20 nmethod 15913 0x00000217254a6490 code [0x00000217254a66c0, 0x00000217254a6d38]
Event: 6.102 Thread 0x000002173eb6e1b0 nmethod 15914 0x00000217254a6f90 code [0x00000217254a7160, 0x00000217254a74b8]
Event: 6.102 Thread 0x000002174327dd20 15915       3       org.jetbrains.kotlin.codegen.AbstractClassBuilder$Concrete::getVisitor (13 bytes)
Event: 6.102 Thread 0x000002174327dd20 nmethod 15915 0x00000217254a7610 code [0x00000217254a77c0, 0x00000217254a7948]
Event: 6.102 Thread 0x0000021743096570 15916       3       java.util.IdentityHashMap::resize (153 bytes)
Event: 6.103 Thread 0x0000021743096570 nmethod 15916 0x00000217254a7a10 code [0x00000217254a7c60, 0x00000217254a8ad8]
Event: 6.109 Thread 0x000002173ec34b10 nmethod 15788 0x000002172aba6790 code [0x000002172aba69e0, 0x000002172aba82c0]
Event: 6.109 Thread 0x000002173ec34b10 15769       4       org.jetbrains.kotlin.codegen.pseudoInsns.PseudoInsn::isa (20 bytes)
Event: 6.110 Thread 0x0000021743096570 15917       3       org.jetbrains.kotlin.codegen.optimization.nullCheck.NullabilityInterpreter::merge (16 bytes)
Event: 6.110 Thread 0x0000021743096570 nmethod 15917 0x00000217254a8e90 code [0x00000217254a9040, 0x00000217254a9368]
Event: 6.110 Thread 0x000002174327dd20 15918       3       org.jetbrains.kotlin.codegen.optimization.RedundantCheckCastEliminationMethodTransformer::getTypeAdjustmentForALoadInstructions (194 bytes)
Event: 6.110 Thread 0x000002173ec34b10 nmethod 15769 0x000002172aba8b90 code [0x000002172aba8d40, 0x000002172aba8fb8]
Event: 6.110 Thread 0x000002173ec34b10 15787       4       org.jetbrains.kotlin.codegen.optimization.common.OptimizationBasicInterpreter::merge (203 bytes)

GC Heap History (20 events):
Event: 3.339 GC heap after
{Heap after GC invocations=18 (full 0):
 garbage-first heap   total 102400K, used 51070K [0x0000000704400000, 0x0000000800000000)
  region size 2048K, 3 young (6144K), 3 survivors (6144K)
 Metaspace       used 59145K, committed 59392K, reserved 1114112K
  class space    used 6754K, committed 6848K, reserved 1048576K
}
Event: 3.702 GC heap before
{Heap before GC invocations=18 (full 0):
 garbage-first heap   total 102400K, used 77694K [0x0000000704400000, 0x0000000800000000)
  region size 2048K, 16 young (32768K), 3 survivors (6144K)
 Metaspace       used 61414K, committed 61632K, reserved 1114112K
  class space    used 6938K, committed 7040K, reserved 1048576K
}
Event: 3.710 GC heap after
{Heap after GC invocations=19 (full 0):
 garbage-first heap   total 102400K, used 52791K [0x0000000704400000, 0x0000000800000000)
  region size 2048K, 2 young (4096K), 2 survivors (4096K)
 Metaspace       used 61414K, committed 61632K, reserved 1114112K
  class space    used 6938K, committed 7040K, reserved 1048576K
}
Event: 3.962 GC heap before
{Heap before GC invocations=20 (full 0):
 garbage-first heap   total 102400K, used 79415K [0x0000000704400000, 0x0000000800000000)
  region size 2048K, 15 young (30720K), 2 survivors (4096K)
 Metaspace       used 66429K, committed 66688K, reserved 1114112K
  class space    used 7413K, committed 7552K, reserved 1048576K
}
Event: 3.969 GC heap after
{Heap after GC invocations=21 (full 0):
 garbage-first heap   total 102400K, used 55294K [0x0000000704400000, 0x0000000800000000)
  region size 2048K, 2 young (4096K), 2 survivors (4096K)
 Metaspace       used 66429K, committed 66688K, reserved 1114112K
  class space    used 7413K, committed 7552K, reserved 1048576K
}
Event: 4.266 GC heap before
{Heap before GC invocations=21 (full 0):
 garbage-first heap   total 102400K, used 79870K [0x0000000704400000, 0x0000000800000000)
  region size 2048K, 14 young (28672K), 2 survivors (4096K)
 Metaspace       used 68894K, committed 69184K, reserved 1114112K
  class space    used 7714K, committed 7872K, reserved 1048576K
}
Event: 4.276 GC heap after
{Heap after GC invocations=22 (full 0):
 garbage-first heap   total 133120K, used 59212K [0x0000000704400000, 0x0000000800000000)
  region size 2048K, 2 young (4096K), 2 survivors (4096K)
 Metaspace       used 68894K, committed 69184K, reserved 1114112K
  class space    used 7714K, committed 7872K, reserved 1048576K
}
Event: 4.732 GC heap before
{Heap before GC invocations=23 (full 0):
 garbage-first heap   total 133120K, used 100172K [0x0000000704400000, 0x0000000800000000)
  region size 2048K, 22 young (45056K), 2 survivors (4096K)
 Metaspace       used 70961K, committed 71296K, reserved 1114112K
  class space    used 7906K, committed 8064K, reserved 1048576K
}
Event: 4.744 GC heap after
{Heap after GC invocations=24 (full 0):
 garbage-first heap   total 133120K, used 66201K [0x0000000704400000, 0x0000000800000000)
  region size 2048K, 3 young (6144K), 3 survivors (6144K)
 Metaspace       used 70961K, committed 71296K, reserved 1114112K
  class space    used 7906K, committed 8064K, reserved 1048576K
}
Event: 5.032 GC heap before
{Heap before GC invocations=24 (full 0):
 garbage-first heap   total 133120K, used 101017K [0x0000000704400000, 0x0000000800000000)
  region size 2048K, 20 young (40960K), 3 survivors (6144K)
 Metaspace       used 76000K, committed 76352K, reserved 1179648K
  class space    used 8450K, committed 8640K, reserved 1048576K
}
Event: 5.040 GC heap after
{Heap after GC invocations=25 (full 0):
 garbage-first heap   total 133120K, used 70645K [0x0000000704400000, 0x0000000800000000)
  region size 2048K, 2 young (4096K), 2 survivors (4096K)
 Metaspace       used 76000K, committed 76352K, reserved 1179648K
  class space    used 8450K, committed 8640K, reserved 1048576K
}
Event: 5.425 GC heap before
{Heap before GC invocations=26 (full 0):
 garbage-first heap   total 133120K, used 101365K [0x0000000704400000, 0x0000000800000000)
  region size 2048K, 18 young (36864K), 2 survivors (4096K)
 Metaspace       used 80618K, committed 81024K, reserved 1179648K
  class space    used 8882K, committed 9088K, reserved 1048576K
}
Event: 5.432 GC heap after
{Heap after GC invocations=27 (full 0):
 garbage-first heap   total 133120K, used 72710K [0x0000000704400000, 0x0000000800000000)
  region size 2048K, 1 young (2048K), 1 survivors (2048K)
 Metaspace       used 80618K, committed 81024K, reserved 1179648K
  class space    used 8882K, committed 9088K, reserved 1048576K
}
Event: 5.449 GC heap before
{Heap before GC invocations=27 (full 0):
 garbage-first heap   total 133120K, used 76806K [0x0000000704400000, 0x0000000800000000)
  region size 2048K, 3 young (6144K), 1 survivors (2048K)
 Metaspace       used 80647K, committed 81024K, reserved 1179648K
  class space    used 8882K, committed 9088K, reserved 1048576K
}
Event: 5.455 GC heap after
{Heap after GC invocations=28 (full 0):
 garbage-first heap   total 133120K, used 72650K [0x0000000704400000, 0x0000000800000000)
  region size 2048K, 1 young (2048K), 1 survivors (2048K)
 Metaspace       used 80647K, committed 81024K, reserved 1179648K
  class space    used 8882K, committed 9088K, reserved 1048576K
}
Event: 5.823 GC heap before
{Heap before GC invocations=28 (full 0):
 garbage-first heap   total 133120K, used 101322K [0x0000000704400000, 0x0000000800000000)
  region size 2048K, 16 young (32768K), 1 survivors (2048K)
 Metaspace       used 83970K, committed 84352K, reserved 1179648K
  class space    used 9146K, committed 9344K, reserved 1048576K
}
Event: 5.827 GC heap after
{Heap after GC invocations=29 (full 0):
 garbage-first heap   total 133120K, used 73599K [0x0000000704400000, 0x0000000800000000)
  region size 2048K, 1 young (2048K), 1 survivors (2048K)
 Metaspace       used 83970K, committed 84352K, reserved 1179648K
  class space    used 9146K, committed 9344K, reserved 1048576K
}
Event: 6.104 GC heap before
{Heap before GC invocations=30 (full 0):
 garbage-first heap   total 133120K, used 106367K [0x0000000704400000, 0x0000000800000000)
  region size 2048K, 17 young (34816K), 1 survivors (2048K)
 Metaspace       used 85871K, committed 86208K, reserved 1179648K
  class space    used 9252K, committed 9408K, reserved 1048576K
}
Event: 6.108 GC heap after
{Heap after GC invocations=31 (full 0):
 garbage-first heap   total 133120K, used 76756K [0x0000000704400000, 0x0000000800000000)
  region size 2048K, 3 young (6144K), 3 survivors (6144K)
 Metaspace       used 85871K, committed 86208K, reserved 1179648K
  class space    used 9252K, committed 9408K, reserved 1048576K
}
Event: 6.111 GC heap before
{Heap before GC invocations=31 (full 0):
 garbage-first heap   total 133120K, used 78804K [0x0000000704400000, 0x0000000800000000)
  region size 2048K, 4 young (8192K), 3 survivors (6144K)
 Metaspace       used 85871K, committed 86208K, reserved 1179648K
  class space    used 9252K, committed 9408K, reserved 1048576K
}

Dll operation events (2 events):
Event: 0.005 Loaded shared library C:\Program Files\Android\Android Studio\jbr\bin\java.dll
Event: 0.759 Loaded shared library C:\Program Files\Android\Android Studio\jbr\bin\verify.dll

Deoptimization events (20 events):
Event: 6.065 Thread 0x000002171f498e30 Uncommon trap: trap_request=0xffffffc6 fr.pc=0x000002172ab9be40 relative=0x0000000000001e00
Event: 6.065 Thread 0x000002171f498e30 Uncommon trap: reason=bimorphic_or_optimized_type_check action=maybe_recompile pc=0x000002172ab9be40 method=org.jetbrains.org.objectweb.asm.tree.analysis.Frame.execute(Lorg/jetbrains/org/objectweb/asm/tree/AbstractInsnNode;Lorg/jetbrains/org/objectweb/asm
Event: 6.065 Thread 0x000002171f498e30 DEOPT PACKING pc=0x000002172ab9be40 sp=0x000000ceac2fd4f0
Event: 6.065 Thread 0x000002171f498e30 DEOPT UNPACKING pc=0x0000021729e1a1a3 sp=0x000000ceac2fd4b8 mode 2
Event: 6.065 Thread 0x000002171f498e30 Uncommon trap: trap_request=0xffffffc6 fr.pc=0x000002172ab9be40 relative=0x0000000000001e00
Event: 6.065 Thread 0x000002171f498e30 Uncommon trap: reason=bimorphic_or_optimized_type_check action=maybe_recompile pc=0x000002172ab9be40 method=org.jetbrains.org.objectweb.asm.tree.analysis.Frame.execute(Lorg/jetbrains/org/objectweb/asm/tree/AbstractInsnNode;Lorg/jetbrains/org/objectweb/asm
Event: 6.065 Thread 0x000002171f498e30 DEOPT PACKING pc=0x000002172ab9be40 sp=0x000000ceac2fd4f0
Event: 6.065 Thread 0x000002171f498e30 DEOPT UNPACKING pc=0x0000021729e1a1a3 sp=0x000000ceac2fd4b8 mode 2
Event: 6.065 Thread 0x000002171f498e30 Uncommon trap: trap_request=0xffffffc6 fr.pc=0x000002172ab9be40 relative=0x0000000000001e00
Event: 6.065 Thread 0x000002171f498e30 Uncommon trap: reason=bimorphic_or_optimized_type_check action=maybe_recompile pc=0x000002172ab9be40 method=org.jetbrains.org.objectweb.asm.tree.analysis.Frame.execute(Lorg/jetbrains/org/objectweb/asm/tree/AbstractInsnNode;Lorg/jetbrains/org/objectweb/asm
Event: 6.065 Thread 0x000002171f498e30 DEOPT PACKING pc=0x000002172ab9be40 sp=0x000000ceac2fd4f0
Event: 6.065 Thread 0x000002171f498e30 DEOPT UNPACKING pc=0x0000021729e1a1a3 sp=0x000000ceac2fd4b8 mode 2
Event: 6.110 Thread 0x000002171f498e30 Uncommon trap: trap_request=0xffffffde fr.pc=0x000002172aba812c relative=0x000000000000174c
Event: 6.110 Thread 0x000002171f498e30 Uncommon trap: reason=class_check action=maybe_recompile pc=0x000002172aba812c method=org.jetbrains.kotlin.codegen.optimization.nullCheck.NullabilityInterpreter.merge(Lorg/jetbrains/org/objectweb/asm/tree/analysis/BasicValue;Lorg/jetbrains/org/objectweb/a
Event: 6.110 Thread 0x000002171f498e30 DEOPT PACKING pc=0x000002172aba812c sp=0x000000ceac2fd230
Event: 6.110 Thread 0x000002171f498e30 DEOPT UNPACKING pc=0x0000021729e1a1a3 sp=0x000000ceac2fd178 mode 2
Event: 6.110 Thread 0x000002171f498e30 Uncommon trap: trap_request=0xffffff45 fr.pc=0x000002172aba7428 relative=0x0000000000000a48
Event: 6.110 Thread 0x000002171f498e30 Uncommon trap: reason=unstable_if action=reinterpret pc=0x000002172aba7428 method=org.jetbrains.kotlin.codegen.optimization.nullCheck.NullabilityInterpreter.merge(Lorg/jetbrains/org/objectweb/asm/tree/analysis/BasicValue;Lorg/jetbrains/org/objectweb/asm/t
Event: 6.110 Thread 0x000002171f498e30 DEOPT PACKING pc=0x000002172aba7428 sp=0x000000ceac2fd230
Event: 6.110 Thread 0x000002171f498e30 DEOPT UNPACKING pc=0x0000021729e1a1a3 sp=0x000000ceac2fd178 mode 2

Classes unloaded (0 events):
No events

Classes redefined (0 events):
No events

Internal exceptions (20 events):
Event: 2.614 Thread 0x000002171f498e30 Implicit null exception at 0x000002172a57100f to 0x000002172a571089
Event: 2.754 Thread 0x000002171f498e30 Exception <a 'java/lang/NoSuchMethodError'{0x0000000708a42450}: 'java.lang.Object java.lang.invoke.DirectMethodHandle$Holder.invokeInterface(java.lang.Object, java.lang.Object, java.lang.Object)'> (0x0000000708a42450) 
thrown [s\src\hotspot\share\interpreter\linkResolver.cpp, line 771]
Event: 2.755 Thread 0x000002171f498e30 Exception <a 'java/lang/IncompatibleClassChangeError'{0x0000000708a46068}: Found class java.lang.Object, but interface was expected> (0x0000000708a46068) 
thrown [s\src\hotspot\share\interpreter\linkResolver.cpp, line 838]
Event: 3.078 Thread 0x000002171f498e30 Exception <a 'java/lang/NoSuchMethodError'{0x0000000709ba5120}: 'java.lang.Object java.lang.invoke.DirectMethodHandle$Holder.newInvokeSpecial(java.lang.Object, java.lang.Object, java.lang.Object, java.lang.Object, java.lang.Object, java.lang.Object, java.lang.Object)'> (0x0000000709ba5120) 
thrown [s\src\hotspot\share\interpreter\linkResolver.cpp, line 771]
Event: 3.079 Thread 0x000002171f498e30 Exception <a 'java/lang/NoSuchMethodError'{0x0000000709baa778}: 'java.lang.Object java.lang.invoke.Invokers$Holder.linkToTargetMethod(java.lang.Object, java.lang.Object, java.lang.Object, java.lang.Object, java.lang.Object, java.lang.Object, java.lang.Object)'> (0x0000000709baa778) 
thrown [s\src\hotspot\share\interpreter\linkResolver.cpp, line 771]
Event: 3.246 Thread 0x000002171f498e30 Implicit null exception at 0x000002172a8dde4c to 0x000002172a8de020
Event: 3.264 Thread 0x000002171f498e30 Implicit null exception at 0x000002172a7ab0b4 to 0x000002172a7ab145
Event: 3.440 Thread 0x000002171f498e30 Exception <a 'java/lang/NoSuchMethodError'{0x000000070a2ea0b0}: 'java.lang.Object java.lang.invoke.DirectMethodHandle$Holder.newInvokeSpecial(java.lang.Object, int, java.lang.Object)'> (0x000000070a2ea0b0) 
thrown [s\src\hotspot\share\interpreter\linkResolver.cpp, line 771]
Event: 3.441 Thread 0x000002171f498e30 Exception <a 'java/lang/NoSuchMethodError'{0x000000070a2f1670}: 'int java.lang.invoke.DirectMethodHandle$Holder.invokeInterface(java.lang.Object, java.lang.Object)'> (0x000000070a2f1670) 
thrown [s\src\hotspot\share\interpreter\linkResolver.cpp, line 771]
Event: 3.638 Thread 0x000002171f498e30 Implicit null exception at 0x000002172a5b0d6b to 0x000002172a5b0f40
Event: 3.766 Thread 0x000002171f498e30 Exception <a 'java/lang/NoSuchMethodError'{0x000000070a2c8318}: 'java.lang.Object java.lang.invoke.DirectMethodHandle$Holder.invokeStaticInit(java.lang.Object, java.lang.Object, java.lang.Object, java.lang.Object)'> (0x000000070a2c8318) 
thrown [s\src\hotspot\share\interpreter\linkResolver.cpp, line 771]
Event: 3.994 Thread 0x000002171f498e30 Exception <a 'java/lang/NoSuchMethodError'{0x000000071167f1f8}: 'java.lang.Object java.lang.invoke.DirectMethodHandle$Holder.newInvokeSpecial(java.lang.Object, java.lang.Object, int, int, java.lang.Object, java.lang.Object, java.lang.Object)'> (0x000000071167f1f8) 
thrown [s\src\hotspot\share\interpreter\linkResolver.cpp, line 771]
Event: 3.994 Thread 0x000002171f498e30 Exception <a 'java/lang/NoSuchMethodError'{0x0000000711683b38}: 'java.lang.Object java.lang.invoke.DirectMethodHandle$Holder.invokeSpecial(java.lang.Object, java.lang.Object, java.lang.Object, int, int, java.lang.Object, java.lang.Object, java.lang.Object)'> (0x0000000711683b38) 
thrown [s\src\hotspot\share\interpreter\linkResolver.cpp, line 771]
Event: 4.013 Thread 0x000002171f498e30 Exception <a 'java/lang/NoSuchMethodError'{0x000000070a21d868}: 'java.lang.Object java.lang.invoke.DirectMethodHandle$Holder.invokeSpecial(java.lang.Object, java.lang.Object, int, int, java.lang.Object, java.lang.Object, java.lang.Object, java.lang.Object, java.lang.Object)'> (0x000000070a21d868) 
thrown [s\src\hotspot\share\interpreter\linkResolver.cpp, line 771]
Event: 4.082 Thread 0x000002171f498e30 Exception <a 'java/lang/NoSuchMethodError'{0x0000000709c38510}: 'java.lang.Object java.lang.invoke.DirectMethodHandle$Holder.invokeStatic(java.lang.Object, int, java.lang.Object)'> (0x0000000709c38510) 
thrown [s\src\hotspot\share\interpreter\linkResolver.cpp, line 771]
Event: 4.088 Thread 0x000002171f498e30 Exception <a 'java/lang/NoSuchMethodError'{0x0000000709c5d7c8}: 'java.lang.Object java.lang.invoke.DirectMethodHandle$Holder.newInvokeSpecial(java.lang.Object, int, java.lang.Object, java.lang.Object)'> (0x0000000709c5d7c8) 
thrown [s\src\hotspot\share\interpreter\linkResolver.cpp, line 771]
Event: 4.761 Thread 0x000002171f498e30 Implicit null exception at 0x000002172a57e4f0 to 0x000002172a57e728
Event: 5.055 Thread 0x000002171f498e30 Implicit null exception at 0x000002172aab6448 to 0x000002172aab75c8
Event: 5.223 Thread 0x000002171f498e30 Implicit null exception at 0x000002172aae7b35 to 0x000002172aae7d56
Event: 5.480 Thread 0x000002171f498e30 Implicit null exception at 0x000002172aa1c8ca to 0x000002172aa1cf54

VM Operations (20 events):
Event: 5.827 Executing VM operation: G1CollectForAllocation done
Event: 5.864 Executing VM operation: G1PauseRemark
Event: 5.873 Executing VM operation: G1PauseRemark done
Event: 5.887 Executing VM operation: HandshakeAllThreads
Event: 5.887 Executing VM operation: HandshakeAllThreads done
Event: 5.889 Executing VM operation: G1PauseCleanup
Event: 5.889 Executing VM operation: G1PauseCleanup done
Event: 5.963 Executing VM operation: ICBufferFull
Event: 5.963 Executing VM operation: ICBufferFull done
Event: 5.973 Executing VM operation: HandshakeAllThreads
Event: 5.974 Executing VM operation: HandshakeAllThreads done
Event: 5.975 Executing VM operation: HandshakeAllThreads
Event: 5.975 Executing VM operation: HandshakeAllThreads done
Event: 5.991 Executing VM operation: HandshakeAllThreads
Event: 5.991 Executing VM operation: HandshakeAllThreads done
Event: 6.014 Executing VM operation: ICBufferFull
Event: 6.015 Executing VM operation: ICBufferFull done
Event: 6.103 Executing VM operation: G1CollectForAllocation
Event: 6.108 Executing VM operation: G1CollectForAllocation done
Event: 6.111 Executing VM operation: G1CollectForAllocation

Events (20 events):
Event: 5.345 Thread 0x000002173ea1e110 flushing nmethod 0x0000021724ac0e10
Event: 5.345 Thread 0x000002173ea1e110 flushing nmethod 0x0000021724ac3410
Event: 5.345 Thread 0x000002173ea1e110 flushing nmethod 0x0000021724ac4210
Event: 5.345 Thread 0x000002173ea1e110 flushing nmethod 0x0000021724af8c90
Event: 5.346 Thread 0x000002173ea1e110 flushing nmethod 0x0000021724b7fe90
Event: 5.346 Thread 0x000002173ea1e110 flushing nmethod 0x0000021724b81410
Event: 5.347 Thread 0x000002173ea1e110 flushing nmethod 0x0000021724cca410
Event: 5.347 Thread 0x000002173ea1e110 flushing nmethod 0x0000021724ce8810
Event: 5.750 loading class java/util/Vector$Itr
Event: 5.751 loading class java/util/Vector$Itr done
Event: 5.993 Thread 0x000002173ea1e110 flushing nmethod 0x000002172aac8c10
Event: 5.993 Thread 0x000002173ea1e110 flushing nmethod 0x000002172aae6110
Event: 5.993 Thread 0x000002173ea1e110 flushing nmethod 0x000002172aae7990
Event: 5.993 Thread 0x000002173ea1e110 flushing nmethod 0x000002172aaee990
Event: 5.996 Thread 0x000002173ea1e110 flushing nmethod 0x0000021723119510
Event: 5.997 Thread 0x000002173ea1e110 flushing nmethod 0x0000021723148090
Event: 6.001 Thread 0x000002173ea1e110 flushing nmethod 0x00000217235f0f10
Event: 6.011 Thread 0x000002173ea1e110 flushing nmethod 0x00000217245a2b90
Event: 6.016 Thread 0x000002173ea1e110 flushing nmethod 0x00000217249c0290
Event: 6.016 Thread 0x000002173ea1e110 flushing nmethod 0x0000021724ac6f90


Dynamic libraries:
0x00007ff654b00000 - 0x00007ff654b0a000 	C:\Program Files\Android\Android Studio\jbr\bin\java.exe
0x00007ffed27b0000 - 0x00007ffed29c7000 	C:\WINDOWS\SYSTEM32\ntdll.dll
0x00007ffed0760000 - 0x00007ffed0824000 	C:\WINDOWS\System32\KERNEL32.DLL
0x00007ffecfe70000 - 0x00007ffed0217000 	C:\WINDOWS\System32\KERNELBASE.dll
0x00007ffed03c0000 - 0x00007ffed04d1000 	C:\WINDOWS\System32\ucrtbase.dll
0x00007ffe5f4b0000 - 0x00007ffe5f4c7000 	C:\Program Files\Android\Android Studio\jbr\bin\jli.dll
0x00007ffeb7770000 - 0x00007ffeb778b000 	C:\Program Files\Android\Android Studio\jbr\bin\VCRUNTIME140.dll
0x00007ffed1b00000 - 0x00007ffed1cae000 	C:\WINDOWS\System32\USER32.dll
0x00007ffed0390000 - 0x00007ffed03b6000 	C:\WINDOWS\System32\win32u.dll
0x00007ffeb5930000 - 0x00007ffeb5bc3000 	C:\WINDOWS\WinSxS\amd64_microsoft.windows.common-controls_6595b64144ccf1df_6.0.22621.3527_none_270e469b73872a76\COMCTL32.dll
0x00007ffed1660000 - 0x00007ffed1689000 	C:\WINDOWS\System32\GDI32.dll
0x00007ffed1cb0000 - 0x00007ffed1d57000 	C:\WINDOWS\System32\msvcrt.dll
0x00007ffecfb90000 - 0x00007ffecfca9000 	C:\WINDOWS\System32\gdi32full.dll
0x00007ffecfcb0000 - 0x00007ffecfd4a000 	C:\WINDOWS\System32\msvcp_win.dll
0x00007ffed0db0000 - 0x00007ffed0de1000 	C:\WINDOWS\System32\IMM32.DLL
0x00007ffeba040000 - 0x00007ffeba04c000 	C:\Program Files\Android\Android Studio\jbr\bin\vcruntime140_1.dll
0x00007ffea74b0000 - 0x00007ffea753d000 	C:\Program Files\Android\Android Studio\jbr\bin\msvcp140.dll
0x00007ffe55e60000 - 0x00007ffe56ae3000 	C:\Program Files\Android\Android Studio\jbr\bin\server\jvm.dll
0x00007ffed06a0000 - 0x00007ffed0752000 	C:\WINDOWS\System32\ADVAPI32.dll
0x00007ffed18e0000 - 0x00007ffed1988000 	C:\WINDOWS\System32\sechost.dll
0x00007ffecfdd0000 - 0x00007ffecfdf8000 	C:\WINDOWS\System32\bcrypt.dll
0x00007ffed19e0000 - 0x00007ffed1af5000 	C:\WINDOWS\System32\RPCRT4.dll
0x00007ffe55e20000 - 0x00007ffe55e29000 	C:\WINDOWS\SYSTEM32\WSOCK32.dll
0x00007ffed0cc0000 - 0x00007ffed0d31000 	C:\WINDOWS\System32\WS2_32.dll
0x00007ffece950000 - 0x00007ffece99d000 	C:\WINDOWS\SYSTEM32\POWRPROF.dll
0x00007ffec1b70000 - 0x00007ffec1ba4000 	C:\WINDOWS\SYSTEM32\WINMM.dll
0x00007ffec64d0000 - 0x00007ffec64da000 	C:\WINDOWS\SYSTEM32\VERSION.dll
0x00007ffece930000 - 0x00007ffece943000 	C:\WINDOWS\SYSTEM32\UMPDC.dll
0x00007ffecebe0000 - 0x00007ffecebf8000 	C:\WINDOWS\SYSTEM32\kernel.appcore.dll
0x00007ffe55da0000 - 0x00007ffe55daa000 	C:\Program Files\Android\Android Studio\jbr\bin\jimage.dll
0x00007ffecce20000 - 0x00007ffecd052000 	C:\WINDOWS\SYSTEM32\DBGHELP.DLL
0x00007ffed08b0000 - 0x00007ffed0c38000 	C:\WINDOWS\System32\combase.dll
0x00007ffed1690000 - 0x00007ffed1767000 	C:\WINDOWS\System32\OLEAUT32.dll
0x00007ffec5240000 - 0x00007ffec5272000 	C:\WINDOWS\SYSTEM32\dbgcore.DLL
0x00007ffecfd50000 - 0x00007ffecfdc9000 	C:\WINDOWS\System32\bcryptPrimitives.dll
0x00007ffe55d70000 - 0x00007ffe55d95000 	C:\Program Files\Android\Android Studio\jbr\bin\java.dll
0x00007ffe55d50000 - 0x00007ffe55d68000 	C:\Program Files\Android\Android Studio\jbr\bin\zip.dll
0x00007ffed0e00000 - 0x00007ffed165c000 	C:\WINDOWS\System32\SHELL32.dll
0x00007ffecda20000 - 0x00007ffece316000 	C:\WINDOWS\SYSTEM32\windows.storage.dll
0x00007ffecd8e0000 - 0x00007ffecda1e000 	C:\WINDOWS\SYSTEM32\wintypes.dll
0x00007ffed1e80000 - 0x00007ffed1f75000 	C:\WINDOWS\System32\SHCORE.dll
0x00007ffed0590000 - 0x00007ffed05ee000 	C:\WINDOWS\System32\shlwapi.dll
0x00007ffecfa00000 - 0x00007ffecfa21000 	C:\WINDOWS\SYSTEM32\profapi.dll
0x00007ffe55ac0000 - 0x00007ffe55ad9000 	C:\Program Files\Android\Android Studio\jbr\bin\net.dll
0x00007ffec76b0000 - 0x00007ffec77e6000 	C:\WINDOWS\SYSTEM32\WINHTTP.dll
0x00007ffecf050000 - 0x00007ffecf0b9000 	C:\WINDOWS\system32\mswsock.dll
0x00007ffe55aa0000 - 0x00007ffe55ab6000 	C:\Program Files\Android\Android Studio\jbr\bin\nio.dll
0x00007ffe5f650000 - 0x00007ffe5f660000 	C:\Program Files\Android\Android Studio\jbr\bin\verify.dll

dbghelp: loaded successfully - version: 4.0.5 - missing functions: none
symbol engine: initialized successfully - sym options: 0x614 - pdb path: .;C:\Program Files\Android\Android Studio\jbr\bin;C:\WINDOWS\SYSTEM32;C:\WINDOWS\WinSxS\amd64_microsoft.windows.common-controls_6595b64144ccf1df_6.0.22621.3527_none_270e469b73872a76;C:\Program Files\Android\Android Studio\jbr\bin\server

VM Arguments:
java_command: org.jetbrains.kotlin.cli.jvm.K2JVMCompiler @E:\Api\MyApplication3\app\build\20240522_9375804705831318229.compiler.options
java_class_path (initial): C:\Users\nguye\.gradle\caches\modules-2\files-2.1\org.jetbrains.kotlin\kotlin-compiler-embeddable\1.9.0\2c8c3a7402becca891f12739b3e9fd2dc2adbd7a\kotlin-compiler-embeddable-1.9.0.jar;C:\Users\nguye\.gradle\caches\modules-2\files-2.1\org.jetbrains.kotlin\kotlin-stdlib\1.9.0\8ee15ef0c67dc83d874f412d84378d7f0eb50b63\kotlin-stdlib-1.9.0.jar;C:\Users\nguye\.gradle\caches\modules-2\files-2.1\org.jetbrains.kotlin\kotlin-script-runtime\1.9.0\4b3102cbbb7e1b58d9d1adf89563f00069ffa7d1\kotlin-script-runtime-1.9.0.jar;C:\Users\nguye\.gradle\caches\modules-2\files-2.1\org.jetbrains.kotlin\kotlin-reflect\1.6.10\1cbe9c92c12a94eea200d23c2bbaedaf3daf5132\kotlin-reflect-1.6.10.jar;C:\Users\nguye\.gradle\caches\modules-2\files-2.1\org.jetbrains.kotlin\kotlin-daemon-embeddable\1.9.0\186543f5e28cf8d9a0290fecc2cf34301c40a65c\kotlin-daemon-embeddable-1.9.0.jar;C:\Users\nguye\.gradle\caches\modules-2\files-2.1\org.jetbrains.intellij.deps\trove4j\1.0.20200330\3afb14d5f9ceb459d724e907a21145e8ff394f02\trove4j-1.0.20200330.jar;C:\Users\nguye\.gradle\caches\modules-2\files-2.1\org.jetbrains.kotlin\kotlin-stdlib-common\1.9.0\cd65c21cfd1eec4d44ef09f9f52b6d9f8a720636\kotlin-stdlib-common-1.9.0.jar;C:\Users\nguye\.gradle\caches\modules-2\files-2.1\org.jetbrains\annotations\13.0\919f0dfe192fb4e063e7dacadee7f8bb9a2672a9\annotations-13.0.jar
Launcher Type: SUN_STANDARD

[Global flags]
     intx CICompilerCount                          = 12                                        {product} {ergonomic}
     uint ConcGCThreads                            = 3                                         {product} {ergonomic}
     uint G1ConcRefinementThreads                  = 13                                        {product} {ergonomic}
   size_t G1HeapRegionSize                         = 2097152                                   {product} {ergonomic}
    uintx GCDrainStackTargetSize                   = 64                                        {product} {ergonomic}
   size_t InitialHeapSize                          = 264241152                                 {product} {ergonomic}
   size_t MarkStackSize                            = 4194304                                   {product} {ergonomic}
   size_t MaxHeapSize                              = 4223664128                                {product} {ergonomic}
   size_t MaxNewSize                               = 2533359616                                {product} {ergonomic}
   size_t MinHeapDeltaBytes                        = 2097152                                   {product} {ergonomic}
   size_t MinHeapSize                              = 8388608                                   {product} {ergonomic}
    uintx NonNMethodCodeHeapSize                   = 7602480                                {pd product} {ergonomic}
    uintx NonProfiledCodeHeapSize                  = 122027880                              {pd product} {ergonomic}
    uintx ProfiledCodeHeapSize                     = 122027880                              {pd product} {ergonomic}
    uintx ReservedCodeCacheSize                    = 251658240                              {pd product} {ergonomic}
     bool SegmentedCodeCache                       = true                                      {product} {ergonomic}
   size_t SoftMaxHeapSize                          = 4223664128                             {manageable} {ergonomic}
     bool UseCompressedClassPointers               = true                           {product lp64_product} {ergonomic}
     bool UseCompressedOops                        = true                           {product lp64_product} {ergonomic}
     bool UseG1GC                                  = true                                      {product} {ergonomic}
     bool UseLargePagesIndividualAllocation        = false                                  {pd product} {ergonomic}

Logging:
Log output configuration:
 #0: stdout all=warning uptime,level,tags
 #1: stderr all=off uptime,level,tags

Environment Variables:
JAVA_HOME=C:\Program Files\Java\jdk-19
PATH=C:\Program Files\Common Files\Oracle\Java\javapath;C:\Windows\system32;C:\Windows;C:\Windows\System32\Wbem;C:\Windows\System32\WindowsPowerShell\v1.0\;C:\Windows\System32\OpenSSH\;C:\Program Files (x86)\NVIDIA Corporation\PhysX\Common;C:\Program Files\NVIDIA Corporation\NVIDIA NvDLISR;C:\WINDOWS\system32;C:\WINDOWS;C:\WINDOWS\System32\Wbem;C:\WINDOWS\System32\WindowsPowerShell\v1.0\;C:\WINDOWS\System32\OpenSSH\;C:\Program Files\dotnet\;C:\Program Files\Cloudflare\Cloudflare WARP\;C:\Program Files\Java\jdk-19\bin;C:\Program Files\nodejs\;C:\Program Files\Git\cmd;C:\Users\nguye\AppData\Local\Microsoft\WindowsApps;C:\Users\nguye\AppData\Local\Programs\Microsoft VS Code\bin;C:\Users\nguye\AppData\Roaming\npm
USERNAME=Admin
OS=Windows_NT
PROCESSOR_IDENTIFIER=Intel64 Family 6 Model 141 Stepping 1, GenuineIntel
TMP=C:\Users\nguye\AppData\Local\Temp
TEMP=C:\Users\nguye\AppData\Local\Temp



Periodic native trim disabled

JNI global refs:
JNI global refs: 22, weak refs: 32

JNI global refs memory usage: 843, weak refs: 841

OOME stack traces (most recent first):
Classloader memory used:
Loader jdk.internal.loader.ClassLoaders$AppClassLoader                                 : 8981K
Loader bootstrap                                                                       : 1462K
Loader java.net.URLClassLoader                                                         : 272K
Loader jdk.internal.reflect.DelegatingClassLoader                                      : 17327B


---------------  S Y S T E M  ---------------

OS:
 Windows 11 , 64 bit Build 22621 (10.0.22621.3527)
OS uptime: 0 days 14:03 hours

CPU: total 16 (initial active 16) (8 cores per cpu, 2 threads per core) family 6 model 141 stepping 1 microcode 0x4e, cx8, cmov, fxsr, ht, mmx, 3dnowpref, sse, sse2, sse3, ssse3, sse4.1, sse4.2, popcnt, lzcnt, tsc, tscinvbit, avx, avx2, aes, erms, clmul, bmi1, bmi2, adx, avx512f, avx512dq, avx512cd, avx512bw, avx512vl, sha, fma, vzeroupper, avx512_vpopcntdq, avx512_vpclmulqdq, avx512_vaes, avx512_vnni, clflush, clflushopt, clwb, avx512_vbmi2, avx512_vbmi
Processor Information for all 16 processors :
  Max Mhz: 2304, Current Mhz: 2304, Mhz Limit: 2304

Memory: 4k page, system-wide physical 16110M (705M free)
TotalPageFile size 36640M (AvailPageFile size 60M)
current process WorkingSet (physical memory assigned to process): 395M, peak: 397M
current process commit charge ("private bytes"): 439M, peak: 524M

vm_info: OpenJDK 64-Bit Server VM (17.0.9+0--11185874) for windows-amd64 JRE (17.0.9+0--11185874), built on Dec  6 2023 18:57:44 by "androidbuild" with MS VC++ 16.10 / 16.11 (VS2019)

END.
